2025-08-28 22:27:43.744 [restartedMain] INFO  cn.laobayou.siyubao.SiyubaoApplication - Starting SiyubaoApplication using Java 1.8.0_281 on meizhiwendeMacBook-Pro.local with PID 28240 (/Users/meizhiwen/dev/siyubao/target/classes started by meizhiwen in /Users/meizhiwen/dev/siyubao)
2025-08-28 22:27:43.746 [restartedMain] INFO  cn.laobayou.siyubao.SiyubaoApplication - No active profile set, falling back to 1 default profile: "default"
2025-08-28 22:27:43.820 [restartedMain] INFO  o.s.b.d.env.DevToolsPropertyDefaultsPostProcessor - Devtools property defaults active! Set 'spring.devtools.add-properties' to 'false' to disable
2025-08-28 22:27:43.820 [restartedMain] INFO  o.s.b.d.env.DevToolsPropertyDefaultsPostProcessor - For additional web related logging consider setting the 'logging.level.web' property to 'DEBUG'
2025-08-28 22:27:44.912 [restartedMain] INFO  o.s.boot.web.embedded.tomcat.TomcatWebServer - Tomcat initialized with port(s): 8080 (http)
2025-08-28 22:27:44.918 [restartedMain] INFO  org.apache.coyote.http11.Http11NioProtocol - Initializing ProtocolHandler ["http-nio-8080"]
2025-08-28 22:27:44.919 [restartedMain] INFO  org.apache.catalina.core.StandardService - Starting service [Tomcat]
2025-08-28 22:27:44.919 [restartedMain] INFO  org.apache.catalina.core.StandardEngine - Starting Servlet engine: [Apache Tomcat/9.0.83]
2025-08-28 22:27:44.980 [restartedMain] INFO  o.a.c.core.ContainerBase.[Tomcat].[localhost].[/] - Initializing Spring embedded WebApplicationContext
2025-08-28 22:27:44.980 [restartedMain] INFO  o.s.b.w.s.c.ServletWebServerApplicationContext - Root WebApplicationContext: initialization completed in 1159 ms
2025-08-28 22:27:45.680 [restartedMain] WARN  org.thymeleaf.templatemode.TemplateMode - [THYMELEAF][restartedMain] Template Mode 'LEGACYHTML5' is deprecated. Using Template Mode 'HTML' instead.
2025-08-28 22:27:45.985 [restartedMain] INFO  o.s.b.d.autoconfigure.OptionalLiveReloadServer - LiveReload server is running on port 35729
2025-08-28 22:27:46.011 [restartedMain] INFO  org.apache.coyote.http11.Http11NioProtocol - Starting ProtocolHandler ["http-nio-8080"]
2025-08-28 22:27:46.034 [restartedMain] INFO  o.s.boot.web.embedded.tomcat.TomcatWebServer - Tomcat started on port(s): 8080 (http) with context path ''
2025-08-28 22:27:46.049 [restartedMain] INFO  cn.laobayou.siyubao.SiyubaoApplication - Started SiyubaoApplication in 2.888 seconds (JVM running for 4.24)
2025-08-28 22:32:09.797 [http-nio-8080-exec-1] INFO  o.a.c.core.ContainerBase.[Tomcat].[localhost].[/] - Initializing Spring DispatcherServlet 'dispatcherServlet'
2025-08-28 22:32:09.798 [http-nio-8080-exec-1] INFO  org.springframework.web.servlet.DispatcherServlet - Initializing Servlet 'dispatcherServlet'
2025-08-28 22:32:09.812 [http-nio-8080-exec-1] INFO  org.springframework.web.servlet.DispatcherServlet - Completed initialization in 14 ms
2025-08-28 22:32:09.948 [http-nio-8080-exec-1] INFO  c.l.siyubao.controller.DySxChatGenerateController - 线路：cq   用户名称：用户8628897890167  用户头像： ./avatar/avatar_14982.jpg   聊天内容： [{"contentType":1,"dateTimeStr":"22:31","msg":"五大一小","msgType":1,"userName":"用户8628897890167"},{"contentType":1,"dateTimeStr":"22:31","msg":"您好呀，您这边计划什么时候出行呢","msgType":2,"userName":"用户8628897890167"},{"contentType":1,"dateTimeStr":"22:31","msg":"29号到","msgType":1,"userName":"用户8628897890167"},{"contentType":1,"dateTimeStr":"22:31","msg":"多少钱","msgType":1,"userName":"用户8628897890167"},{"contentType":1,"dateTimeStr":"22:31","msg":"好的。您留个微，我发您吧，您看下行程安排和报价","msgType":2,"userName":"用户8628897890167"},{"contentType":1,"dateTimeStr":"22:31","msg":"13730002886","msgType":1,"userName":"用户8628897890167"},{"contentType":1,"dateTimeStr":"22:31","msg":"好的，马上安排专属管家添加您一会儿您记得通过一下我哦","msgType":2,"userName":"用户8628897890167"},{"contentType":1,"dateTimeStr":"22:31","msg":"--------------------------------","msgType":1,"userName":"用户8628897890167"},{"contentType":1,"dateTimeStr":"22:31","msg":"亲，您几位，计划什么时候过来重庆游玩呢，您留个v，我给您详细介绍一哈，公司正在做活动","msgType":2,"userName":"用户8628897890167"},{"contentType":1,"dateTimeStr":"22:32","msg":"好的。您留个微，我发您吧，您看下行程安排和报价","msgType":2,"userName":"用户8628897890167"},{"contentType":1,"dateTimeStr":"22:32","msg":"亲;这边管家已经加您了哈;您通过-下哦","msgType":2,"userName":"用户8628897890167"}]
2025-08-28 22:32:09.948 [http-nio-8080-exec-1] INFO  c.l.siyubao.controller.DySxChatGenerateController - ==================================#########################===========================================
2025-08-28 22:32:47.765 [http-nio-8080-exec-1] INFO  c.l.siyubao.controller.DySxChatGenerateController - 线路：cq   用户名称：用户8628897890167  用户头像： ./avatar/avatar_11735.jpg   聊天内容： [{"contentType":1,"dateTimeStr":"22:31","msg":"五大一小","msgType":1,"userName":"用户8628897890167"},{"contentType":1,"dateTimeStr":"22:31","msg":"您好呀，您这边计划什么时候出行呢","msgType":2,"userName":"用户8628897890167"},{"contentType":1,"dateTimeStr":"22:31","msg":"29号到","msgType":1,"userName":"用户8628897890167"},{"contentType":1,"dateTimeStr":"22:31","msg":"多少钱","msgType":1,"userName":"用户8628897890167"},{"contentType":1,"dateTimeStr":"22:31","msg":"好的。您留个微，我发您吧，您看下行程安排和报价","msgType":2,"userName":"用户8628897890167"},{"contentType":1,"dateTimeStr":"22:31","msg":"13730002886","msgType":1,"userName":"用户8628897890167"},{"contentType":1,"dateTimeStr":"22:31","msg":"好的，马上安排专属管家添加您一会儿您记得通过一下我哦","msgType":2,"userName":"用户8628897890167"},{"contentType":1,"dateTimeStr":"22:31","msg":"--------------------------------","msgType":1,"userName":"用户8628897890167"},{"contentType":1,"dateTimeStr":"22:31","msg":"亲，您几位，计划什么时候过来重庆游玩呢，您留个v，我给您详细介绍一哈，公司正在做活动","msgType":2,"userName":"用户8628897890167"},{"contentType":1,"dateTimeStr":"22:32","msg":"好的。您留个微，我发您吧，您看下行程安排和报价","msgType":2,"userName":"用户8628897890167"},{"contentType":1,"dateTimeStr":"22:32","msg":"亲;这边管家已经加您了哈;您通过-下哦","msgType":2,"userName":"用户8628897890167"}]
2025-08-28 22:32:47.767 [http-nio-8080-exec-1] INFO  c.l.siyubao.controller.DySxChatGenerateController - ==================================#########################===========================================
2025-08-28 22:39:34.380 [restartedMain] INFO  cn.laobayou.siyubao.SiyubaoApplication - Starting SiyubaoApplication using Java 1.8.0_281 on meizhiwendeMacBook-Pro.local with PID 28644 (/Users/meizhiwen/dev/siyubao/target/classes started by meizhiwen in /Users/meizhiwen/dev/siyubao)
2025-08-28 22:39:34.382 [restartedMain] INFO  cn.laobayou.siyubao.SiyubaoApplication - No active profile set, falling back to 1 default profile: "default"
2025-08-28 22:39:34.459 [restartedMain] INFO  o.s.b.d.env.DevToolsPropertyDefaultsPostProcessor - Devtools property defaults active! Set 'spring.devtools.add-properties' to 'false' to disable
2025-08-28 22:39:34.460 [restartedMain] INFO  o.s.b.d.env.DevToolsPropertyDefaultsPostProcessor - For additional web related logging consider setting the 'logging.level.web' property to 'DEBUG'
2025-08-28 22:39:36.981 [restartedMain] INFO  o.s.boot.web.embedded.tomcat.TomcatWebServer - Tomcat initialized with port(s): 8080 (http)
2025-08-28 22:39:36.994 [restartedMain] INFO  org.apache.coyote.http11.Http11NioProtocol - Initializing ProtocolHandler ["http-nio-8080"]
2025-08-28 22:39:37.000 [restartedMain] INFO  org.apache.catalina.core.StandardService - Starting service [Tomcat]
2025-08-28 22:39:37.001 [restartedMain] INFO  org.apache.catalina.core.StandardEngine - Starting Servlet engine: [Apache Tomcat/9.0.83]
2025-08-28 22:39:37.102 [restartedMain] INFO  o.a.c.core.ContainerBase.[Tomcat].[localhost].[/] - Initializing Spring embedded WebApplicationContext
2025-08-28 22:39:37.103 [restartedMain] INFO  o.s.b.w.s.c.ServletWebServerApplicationContext - Root WebApplicationContext: initialization completed in 2642 ms
2025-08-28 22:39:38.558 [restartedMain] WARN  org.thymeleaf.templatemode.TemplateMode - [THYMELEAF][restartedMain] Template Mode 'LEGACYHTML5' is deprecated. Using Template Mode 'HTML' instead.
2025-08-28 22:39:38.867 [restartedMain] INFO  o.s.b.d.autoconfigure.OptionalLiveReloadServer - LiveReload server is running on port 35729
2025-08-28 22:39:38.891 [restartedMain] INFO  org.apache.coyote.http11.Http11NioProtocol - Starting ProtocolHandler ["http-nio-8080"]
2025-08-28 22:39:38.912 [restartedMain] INFO  o.s.boot.web.embedded.tomcat.TomcatWebServer - Tomcat started on port(s): 8080 (http) with context path ''
2025-08-28 22:39:38.927 [restartedMain] INFO  cn.laobayou.siyubao.SiyubaoApplication - Started SiyubaoApplication in 5.251 seconds (JVM running for 6.632)
2025-08-28 22:39:43.926 [http-nio-8080-exec-1] INFO  o.a.c.core.ContainerBase.[Tomcat].[localhost].[/] - Initializing Spring DispatcherServlet 'dispatcherServlet'
2025-08-28 22:39:43.928 [http-nio-8080-exec-1] INFO  org.springframework.web.servlet.DispatcherServlet - Initializing Servlet 'dispatcherServlet'
2025-08-28 22:39:43.932 [http-nio-8080-exec-1] INFO  org.springframework.web.servlet.DispatcherServlet - Completed initialization in 3 ms
2025-08-28 22:39:44.128 [http-nio-8080-exec-1] INFO  c.l.siyubao.controller.DySxChatGenerateController - 线路：cq   用户名称：用户8628897890167  用户头像： ./avatar/avatar_3749.jpg   聊天内容： [{"contentType":1,"dateTimeStr":"22:38","msg":"五大一小","msgType":1,"userName":"用户8628897890167"},{"contentType":1,"dateTimeStr":"22:38","msg":"您好呀，您这边计划什么时候出行呢","msgType":2,"userName":"用户8628897890167"},{"contentType":1,"dateTimeStr":"22:38","msg":"29号到","msgType":1,"userName":"用户8628897890167"},{"contentType":1,"dateTimeStr":"22:38","msg":"多少钱","msgType":1,"userName":"用户8628897890167"},{"contentType":1,"dateTimeStr":"22:38","msg":"好的。您留个微，我发您吧，您看下行程安排和报价","msgType":2,"userName":"用户8628897890167"},{"contentType":1,"dateTimeStr":"22:38","msg":"13730002886","msgType":1,"userName":"用户8628897890167"},{"contentType":1,"dateTimeStr":"22:38","msg":"好的，马上安排专属管家添加您一会儿您记得通过一下我哦","msgType":2,"userName":"用户8628897890167"}]
2025-08-28 22:39:44.129 [http-nio-8080-exec-1] INFO  c.l.siyubao.controller.DySxChatGenerateController - ==================================#########################===========================================
2025-08-28 22:42:58.774 [restartedMain] INFO  cn.laobayou.siyubao.SiyubaoApplication - Starting SiyubaoApplication using Java 1.8.0_281 on meizhiwendeMacBook-Pro.local with PID 28675 (/Users/meizhiwen/dev/siyubao/target/classes started by meizhiwen in /Users/meizhiwen/dev/siyubao)
2025-08-28 22:42:58.775 [restartedMain] INFO  cn.laobayou.siyubao.SiyubaoApplication - No active profile set, falling back to 1 default profile: "default"
2025-08-28 22:42:58.849 [restartedMain] INFO  o.s.b.d.env.DevToolsPropertyDefaultsPostProcessor - Devtools property defaults active! Set 'spring.devtools.add-properties' to 'false' to disable
2025-08-28 22:42:58.850 [restartedMain] INFO  o.s.b.d.env.DevToolsPropertyDefaultsPostProcessor - For additional web related logging consider setting the 'logging.level.web' property to 'DEBUG'
2025-08-28 22:42:59.839 [restartedMain] INFO  o.s.boot.web.embedded.tomcat.TomcatWebServer - Tomcat initialized with port(s): 8080 (http)
2025-08-28 22:42:59.845 [restartedMain] INFO  org.apache.coyote.http11.Http11NioProtocol - Initializing ProtocolHandler ["http-nio-8080"]
2025-08-28 22:42:59.846 [restartedMain] INFO  org.apache.catalina.core.StandardService - Starting service [Tomcat]
2025-08-28 22:42:59.846 [restartedMain] INFO  org.apache.catalina.core.StandardEngine - Starting Servlet engine: [Apache Tomcat/9.0.83]
2025-08-28 22:42:59.894 [restartedMain] INFO  o.a.c.core.ContainerBase.[Tomcat].[localhost].[/] - Initializing Spring embedded WebApplicationContext
2025-08-28 22:42:59.895 [restartedMain] INFO  o.s.b.w.s.c.ServletWebServerApplicationContext - Root WebApplicationContext: initialization completed in 1045 ms
2025-08-28 22:43:00.527 [restartedMain] WARN  org.thymeleaf.templatemode.TemplateMode - [THYMELEAF][restartedMain] Template Mode 'LEGACYHTML5' is deprecated. Using Template Mode 'HTML' instead.
2025-08-28 22:43:00.811 [restartedMain] INFO  o.s.b.d.autoconfigure.OptionalLiveReloadServer - LiveReload server is running on port 35729
2025-08-28 22:43:00.832 [restartedMain] INFO  org.apache.coyote.http11.Http11NioProtocol - Starting ProtocolHandler ["http-nio-8080"]
2025-08-28 22:43:00.848 [restartedMain] INFO  o.s.boot.web.embedded.tomcat.TomcatWebServer - Tomcat started on port(s): 8080 (http) with context path ''
2025-08-28 22:43:00.866 [restartedMain] INFO  cn.laobayou.siyubao.SiyubaoApplication - Started SiyubaoApplication in 2.586 seconds (JVM running for 3.434)
2025-08-28 22:43:11.298 [http-nio-8080-exec-1] INFO  o.a.c.core.ContainerBase.[Tomcat].[localhost].[/] - Initializing Spring DispatcherServlet 'dispatcherServlet'
2025-08-28 22:43:11.300 [http-nio-8080-exec-1] INFO  org.springframework.web.servlet.DispatcherServlet - Initializing Servlet 'dispatcherServlet'
2025-08-28 22:43:11.306 [http-nio-8080-exec-1] INFO  org.springframework.web.servlet.DispatcherServlet - Completed initialization in 6 ms
2025-08-28 22:43:11.391 [http-nio-8080-exec-1] INFO  c.l.siyubao.controller.DySxChatGenerateController - 线路:cq||用户名称:用户8628897890167||用户头像:./avatar/avatar_11397.jpg||聊天内容:[{"contentType":1,"dateTimeStr":"22:42","msg":"五大一小","msgType":1,"userName":"用户8628897890167"},{"contentType":1,"dateTimeStr":"22:42","msg":"您好呀，您这边计划什么时候出行呢","msgType":2,"userName":"用户8628897890167"},{"contentType":1,"dateTimeStr":"22:42","msg":"29号到","msgType":1,"userName":"用户8628897890167"},{"contentType":1,"dateTimeStr":"22:42","msg":"多少钱","msgType":1,"userName":"用户8628897890167"},{"contentType":1,"dateTimeStr":"22:42","msg":"好的。您留个微，我发您吧，您看下行程安排和报价","msgType":2,"userName":"用户8628897890167"},{"contentType":1,"dateTimeStr":"22:42","msg":"13730002886","msgType":1,"userName":"用户8628897890167"},{"contentType":1,"dateTimeStr":"22:42","msg":"好的，马上安排专属管家添加您一会儿您记得通过一下我哦","msgType":2,"userName":"用户8628897890167"}]
2025-08-28 22:43:11.391 [http-nio-8080-exec-1] INFO  c.l.siyubao.controller.DySxChatGenerateController - ==================================#########################===========================================
2025-08-28 23:27:26.168 [restartedMain] INFO  cn.laobayou.siyubao.SiyubaoApplication - Starting SiyubaoApplication using Java 1.8.0_281 on meizhiwendeMacBook-Pro.local with PID 29004 (/Users/meizhiwen/dev/siyubao/target/classes started by meizhiwen in /Users/meizhiwen/dev/siyubao)
2025-08-28 23:27:26.170 [restartedMain] INFO  cn.laobayou.siyubao.SiyubaoApplication - No active profile set, falling back to 1 default profile: "default"
2025-08-28 23:27:26.288 [restartedMain] INFO  o.s.b.d.env.DevToolsPropertyDefaultsPostProcessor - Devtools property defaults active! Set 'spring.devtools.add-properties' to 'false' to disable
2025-08-28 23:27:26.288 [restartedMain] INFO  o.s.b.d.env.DevToolsPropertyDefaultsPostProcessor - For additional web related logging consider setting the 'logging.level.web' property to 'DEBUG'
2025-08-28 23:27:27.622 [restartedMain] INFO  o.s.boot.web.embedded.tomcat.TomcatWebServer - Tomcat initialized with port(s): 8080 (http)
2025-08-28 23:27:27.628 [restartedMain] INFO  org.apache.coyote.http11.Http11NioProtocol - Initializing ProtocolHandler ["http-nio-8080"]
2025-08-28 23:27:27.629 [restartedMain] INFO  org.apache.catalina.core.StandardService - Starting service [Tomcat]
2025-08-28 23:27:27.629 [restartedMain] INFO  org.apache.catalina.core.StandardEngine - Starting Servlet engine: [Apache Tomcat/9.0.83]
2025-08-28 23:27:27.678 [restartedMain] INFO  o.a.c.core.ContainerBase.[Tomcat].[localhost].[/] - Initializing Spring embedded WebApplicationContext
2025-08-28 23:27:27.678 [restartedMain] INFO  o.s.b.w.s.c.ServletWebServerApplicationContext - Root WebApplicationContext: initialization completed in 1389 ms
2025-08-28 23:27:28.353 [restartedMain] WARN  org.thymeleaf.templatemode.TemplateMode - [THYMELEAF][restartedMain] Template Mode 'LEGACYHTML5' is deprecated. Using Template Mode 'HTML' instead.
2025-08-28 23:27:28.646 [restartedMain] INFO  o.s.b.d.autoconfigure.OptionalLiveReloadServer - LiveReload server is running on port 35729
2025-08-28 23:27:28.666 [restartedMain] INFO  org.apache.coyote.http11.Http11NioProtocol - Starting ProtocolHandler ["http-nio-8080"]
2025-08-28 23:27:28.680 [restartedMain] INFO  o.s.boot.web.embedded.tomcat.TomcatWebServer - Tomcat started on port(s): 8080 (http) with context path ''
2025-08-28 23:27:28.697 [restartedMain] INFO  cn.laobayou.siyubao.SiyubaoApplication - Started SiyubaoApplication in 3.352 seconds (JVM running for 4.123)
2025-08-28 23:27:40.631 [http-nio-8080-exec-1] INFO  o.a.c.core.ContainerBase.[Tomcat].[localhost].[/] - Initializing Spring DispatcherServlet 'dispatcherServlet'
2025-08-28 23:27:40.634 [http-nio-8080-exec-1] INFO  org.springframework.web.servlet.DispatcherServlet - Initializing Servlet 'dispatcherServlet'
2025-08-28 23:27:40.637 [http-nio-8080-exec-1] INFO  org.springframework.web.servlet.DispatcherServlet - Completed initialization in 3 ms
2025-08-28 23:27:47.906 [http-nio-8080-exec-4] WARN  o.s.w.s.m.support.DefaultHandlerExceptionResolver - Resolved [org.springframework.web.bind.MissingServletRequestParameterException: Required request parameter 'xianshiname' for method parameter type String is not present]
2025-08-28 23:28:04.410 [http-nio-8080-exec-6] INFO  c.l.siyubao.controller.DySxChatGenerateController - ==================================复现的聊天记录是一样的===========================================
2025-08-28 23:33:29.702 [restartedMain] INFO  cn.laobayou.siyubao.SiyubaoApplication - Starting SiyubaoApplication using Java 1.8.0_281 on meizhiwendeMacBook-Pro.local with PID 29041 (/Users/meizhiwen/dev/siyubao/target/classes started by meizhiwen in /Users/meizhiwen/dev/siyubao)
2025-08-28 23:33:29.705 [restartedMain] INFO  cn.laobayou.siyubao.SiyubaoApplication - No active profile set, falling back to 1 default profile: "default"
2025-08-28 23:33:29.804 [restartedMain] INFO  o.s.b.d.env.DevToolsPropertyDefaultsPostProcessor - Devtools property defaults active! Set 'spring.devtools.add-properties' to 'false' to disable
2025-08-28 23:33:29.804 [restartedMain] INFO  o.s.b.d.env.DevToolsPropertyDefaultsPostProcessor - For additional web related logging consider setting the 'logging.level.web' property to 'DEBUG'
2025-08-28 23:33:31.120 [restartedMain] INFO  o.s.boot.web.embedded.tomcat.TomcatWebServer - Tomcat initialized with port(s): 8080 (http)
2025-08-28 23:33:31.127 [restartedMain] INFO  org.apache.coyote.http11.Http11NioProtocol - Initializing ProtocolHandler ["http-nio-8080"]
2025-08-28 23:33:31.127 [restartedMain] INFO  org.apache.catalina.core.StandardService - Starting service [Tomcat]
2025-08-28 23:33:31.128 [restartedMain] INFO  org.apache.catalina.core.StandardEngine - Starting Servlet engine: [Apache Tomcat/9.0.83]
2025-08-28 23:33:31.177 [restartedMain] INFO  o.a.c.core.ContainerBase.[Tomcat].[localhost].[/] - Initializing Spring embedded WebApplicationContext
2025-08-28 23:33:31.177 [restartedMain] INFO  o.s.b.w.s.c.ServletWebServerApplicationContext - Root WebApplicationContext: initialization completed in 1372 ms
2025-08-28 23:33:31.892 [restartedMain] WARN  org.thymeleaf.templatemode.TemplateMode - [THYMELEAF][restartedMain] Template Mode 'LEGACYHTML5' is deprecated. Using Template Mode 'HTML' instead.
2025-08-28 23:33:32.212 [restartedMain] INFO  o.s.b.d.autoconfigure.OptionalLiveReloadServer - LiveReload server is running on port 35729
2025-08-28 23:33:32.240 [restartedMain] INFO  org.apache.coyote.http11.Http11NioProtocol - Starting ProtocolHandler ["http-nio-8080"]
2025-08-28 23:33:32.259 [restartedMain] INFO  o.s.boot.web.embedded.tomcat.TomcatWebServer - Tomcat started on port(s): 8080 (http) with context path ''
2025-08-28 23:33:32.277 [restartedMain] INFO  cn.laobayou.siyubao.SiyubaoApplication - Started SiyubaoApplication in 3.28 seconds (JVM running for 4.095)
2025-08-28 23:33:41.741 [http-nio-8080-exec-2] INFO  o.a.c.core.ContainerBase.[Tomcat].[localhost].[/] - Initializing Spring DispatcherServlet 'dispatcherServlet'
2025-08-28 23:33:41.747 [http-nio-8080-exec-2] INFO  org.springframework.web.servlet.DispatcherServlet - Initializing Servlet 'dispatcherServlet'
2025-08-28 23:33:41.766 [http-nio-8080-exec-2] INFO  org.springframework.web.servlet.DispatcherServlet - Completed initialization in 19 ms
2025-08-28 23:33:42.011 [http-nio-8080-exec-2] INFO  c.l.siyubao.controller.DySxChatGenerateController - ==================================复现的聊天记录是一样的===========================================
2025-08-28 23:37:47.891 [restartedMain] INFO  o.s.boot.StartupInfoLogger logStarting - Starting SiyubaoApplication using Java 1.8.0_281 on meizhiwendeMacBook-Pro.local with PID 29105 (/Users/meizhiwen/dev/siyubao/target/classes started by meizhiwen in /Users/meizhiwen/dev/siyubao)
2025-08-28 23:37:47.893 [restartedMain] INFO  o.s.boot.SpringApplication logStartupProfileInfo - No active profile set, falling back to 1 default profile: "default"
2025-08-28 23:37:47.958 [restartedMain] INFO  o.s.boot.logging.DeferredLog logTo - Devtools property defaults active! Set 'spring.devtools.add-properties' to 'false' to disable
2025-08-28 23:37:47.959 [restartedMain] INFO  o.s.boot.logging.DeferredLog logTo - For additional web related logging consider setting the 'logging.level.web' property to 'DEBUG'
2025-08-28 23:37:49.510 [restartedMain] INFO  o.s.b.w.e.tomcat.TomcatWebServer initialize - Tomcat initialized with port(s): 8080 (http)
2025-08-28 23:37:49.522 [restartedMain] INFO  org.apache.juli.logging.DirectJDKLog log - Initializing ProtocolHandler ["http-nio-8080"]
2025-08-28 23:37:49.524 [restartedMain] INFO  org.apache.juli.logging.DirectJDKLog log - Starting service [Tomcat]
2025-08-28 23:37:49.524 [restartedMain] INFO  org.apache.juli.logging.DirectJDKLog log - Starting Servlet engine: [Apache Tomcat/9.0.83]
2025-08-28 23:37:49.602 [restartedMain] INFO  org.apache.juli.logging.DirectJDKLog log - Initializing Spring embedded WebApplicationContext
2025-08-28 23:37:49.603 [restartedMain] INFO  o.s.b.w.s.c.ServletWebServerApplicationContext prepareWebApplicationContext - Root WebApplicationContext: initialization completed in 1643 ms
2025-08-28 23:37:50.640 [restartedMain] WARN  o.t.templatemode.TemplateMode parse - [THYMELEAF][restartedMain] Template Mode 'LEGACYHTML5' is deprecated. Using Template Mode 'HTML' instead.
2025-08-28 23:37:51.082 [restartedMain] INFO  o.s.b.d.a.OptionalLiveReloadServer startServer - LiveReload server is running on port 35729
2025-08-28 23:37:51.108 [restartedMain] INFO  org.apache.juli.logging.DirectJDKLog log - Starting ProtocolHandler ["http-nio-8080"]
2025-08-28 23:37:51.139 [restartedMain] INFO  o.s.b.w.e.tomcat.TomcatWebServer start - Tomcat started on port(s): 8080 (http) with context path ''
2025-08-28 23:37:51.164 [restartedMain] INFO  o.s.boot.StartupInfoLogger logStarted - Started SiyubaoApplication in 3.821 seconds (JVM running for 4.546)
2025-08-28 23:37:52.157 [http-nio-8080-exec-1] INFO  org.apache.juli.logging.DirectJDKLog log - Initializing Spring DispatcherServlet 'dispatcherServlet'
2025-08-28 23:37:52.163 [http-nio-8080-exec-1] INFO  o.s.web.servlet.FrameworkServlet initServletBean - Initializing Servlet 'dispatcherServlet'
2025-08-28 23:37:52.170 [http-nio-8080-exec-1] INFO  o.s.web.servlet.FrameworkServlet initServletBean - Completed initialization in 6 ms
2025-08-28 23:37:52.460 [http-nio-8080-exec-1] INFO  c.l.s.c.DySxChatGenerateController reGen - ==================================复现的聊天记录是一样的===========================================
2025-08-28 23:39:04.531 [http-nio-8080-exec-2] INFO  c.l.s.c.DySxChatGenerateController gen - 线路:cq||用户名称:用户8628897890167||用户头像:./avatar/avatar_14783.jpg||聊天内容:[{"contentType":1,"dateTimeStr":"23:38","msg":"五大一小","msgType":1,"userName":"用户8628897890167"},{"contentType":1,"dateTimeStr":"23:38","msg":"您好呀，您这边计划什么时候出行呢","msgType":2,"userName":"用户8628897890167"},{"contentType":1,"dateTimeStr":"23:38","msg":"29号到","msgType":1,"userName":"用户8628897890167"},{"contentType":1,"dateTimeStr":"23:38","msg":"多少钱","msgType":1,"userName":"用户8628897890167"},{"contentType":1,"dateTimeStr":"23:38","msg":"好的。您留个微，我发您吧，您看下行程安排和报价","msgType":2,"userName":"用户8628897890167"},{"contentType":1,"dateTimeStr":"23:38","msg":"13730002886","msgType":1,"userName":"用户8628897890167"},{"contentType":1,"dateTimeStr":"23:38","msg":"好的，马上安排专属管家添加您一会儿您记得通过一下我哦","msgType":2,"userName":"用户8628897890167"}]
2025-08-28 23:39:04.535 [http-nio-8080-exec-2] INFO  c.l.s.c.DySxChatGenerateController gen - ==================================#########################===========================================
2025-08-28 23:39:54.605 [http-nio-8080-exec-4] INFO  c.l.s.c.DySxChatGenerateController reGen - ==================================复现的聊天记录是一样的===========================================
2025-08-28 23:40:14.275 [http-nio-8080-exec-2] INFO  c.l.s.c.DySxChatGenerateController reGen - ==================================复现的聊天记录是一样的===========================================
2025-08-28 23:40:15.835 [http-nio-8080-exec-8] INFO  c.l.s.c.DySxChatGenerateController reGen - ==================================复现的聊天记录是一样的===========================================
2025-08-28 23:40:16.666 [http-nio-8080-exec-7] INFO  c.l.s.c.DySxChatGenerateController reGen - ==================================复现的聊天记录是一样的===========================================
2025-08-28 23:40:17.832 [http-nio-8080-exec-1] INFO  c.l.s.c.DySxChatGenerateController reGen - ==================================复现的聊天记录是一样的===========================================
2025-08-28 23:52:48.477 [restartedMain] INFO  o.s.boot.StartupInfoLogger logStarting - Starting SiyubaoApplication using Java 1.8.0_281 on meizhiwendeMacBook-Pro.local with PID 29322 (/Users/meizhiwen/dev/siyubao/target/classes started by meizhiwen in /Users/meizhiwen/dev/siyubao)
2025-08-28 23:52:48.479 [restartedMain] INFO  o.s.boot.SpringApplication logStartupProfileInfo - No active profile set, falling back to 1 default profile: "default"
2025-08-28 23:52:48.526 [restartedMain] INFO  o.s.boot.logging.DeferredLog logTo - Devtools property defaults active! Set 'spring.devtools.add-properties' to 'false' to disable
2025-08-28 23:52:48.527 [restartedMain] INFO  o.s.boot.logging.DeferredLog logTo - For additional web related logging consider setting the 'logging.level.web' property to 'DEBUG'
2025-08-28 23:52:49.917 [restartedMain] INFO  o.s.b.w.e.tomcat.TomcatWebServer initialize - Tomcat initialized with port(s): 8080 (http)
2025-08-28 23:52:49.929 [restartedMain] INFO  org.apache.juli.logging.DirectJDKLog log - Initializing ProtocolHandler ["http-nio-8080"]
2025-08-28 23:52:49.931 [restartedMain] INFO  org.apache.juli.logging.DirectJDKLog log - Starting service [Tomcat]
2025-08-28 23:52:49.931 [restartedMain] INFO  org.apache.juli.logging.DirectJDKLog log - Starting Servlet engine: [Apache Tomcat/9.0.83]
2025-08-28 23:52:50.028 [restartedMain] INFO  org.apache.juli.logging.DirectJDKLog log - Initializing Spring embedded WebApplicationContext
2025-08-28 23:52:50.028 [restartedMain] INFO  o.s.b.w.s.c.ServletWebServerApplicationContext prepareWebApplicationContext - Root WebApplicationContext: initialization completed in 1500 ms
2025-08-28 23:52:50.909 [restartedMain] WARN  o.t.templatemode.TemplateMode parse - [THYMELEAF][restartedMain] Template Mode 'LEGACYHTML5' is deprecated. Using Template Mode 'HTML' instead.
2025-08-28 23:52:51.368 [restartedMain] INFO  o.s.b.d.a.OptionalLiveReloadServer startServer - LiveReload server is running on port 35729
2025-08-28 23:52:51.403 [restartedMain] INFO  org.apache.juli.logging.DirectJDKLog log - Starting ProtocolHandler ["http-nio-8080"]
2025-08-28 23:52:51.423 [restartedMain] INFO  o.s.b.w.e.tomcat.TomcatWebServer start - Tomcat started on port(s): 8080 (http) with context path ''
2025-08-28 23:52:51.443 [restartedMain] INFO  o.s.boot.StartupInfoLogger logStarted - Started SiyubaoApplication in 3.502 seconds (JVM running for 4.481)
2025-08-28 23:53:03.734 [http-nio-8080-exec-1] INFO  org.apache.juli.logging.DirectJDKLog log - Initializing Spring DispatcherServlet 'dispatcherServlet'
2025-08-28 23:53:03.735 [http-nio-8080-exec-1] INFO  o.s.web.servlet.FrameworkServlet initServletBean - Initializing Servlet 'dispatcherServlet'
2025-08-28 23:53:03.741 [http-nio-8080-exec-1] INFO  o.s.web.servlet.FrameworkServlet initServletBean - Completed initialization in 6 ms
2025-08-28 23:53:03.845 [http-nio-8080-exec-1] INFO  c.l.s.c.DySxChatGenerateController gen - 线路:cq||用户名称:用户8628897890167||用户头像:./avatar/avatar_10134.jpg||聊天内容:[{"contentType":1,"dateTimeStr":"23:52","msg":"五大一小","msgType":1,"userName":"用户8628897890167"},{"contentType":1,"dateTimeStr":"23:52","msg":"您好呀，您这边计划什么时候出行呢","msgType":2,"userName":"用户8628897890167"},{"contentType":1,"dateTimeStr":"23:52","msg":"29号到","msgType":1,"userName":"用户8628897890167"},{"contentType":1,"dateTimeStr":"23:52","msg":"多少钱","msgType":1,"userName":"用户8628897890167"},{"contentType":1,"dateTimeStr":"23:52","msg":"好的。您留个微，我发您吧，您看下行程安排和报价","msgType":2,"userName":"用户8628897890167"},{"contentType":1,"dateTimeStr":"23:52","msg":"13730002886","msgType":1,"userName":"用户8628897890167"},{"contentType":1,"dateTimeStr":"23:52","msg":"好的，马上安排专属管家添加您一会儿您记得通过一下我哦","msgType":2,"userName":"用户8628897890167"}]
2025-08-28 23:53:03.848 [http-nio-8080-exec-1] INFO  c.l.s.c.DySxChatGenerateController gen - ==================================#########################===========================================
2025-08-28 23:53:03.940 [http-nio-8080-exec-1] ERROR org.thymeleaf.TemplateEngine process - [THYMELEAF][http-nio-8080-exec-1] Exception processing template "siyubao_xhs": Error resolving template [siyubao_xhs], template might not exist or might not be accessible by any of the configured Template Resolvers
org.thymeleaf.exceptions.TemplateInputException: Error resolving template [siyubao_xhs], template might not exist or might not be accessible by any of the configured Template Resolvers
	at org.thymeleaf.engine.TemplateManager.resolveTemplate(TemplateManager.java:869)
	at org.thymeleaf.engine.TemplateManager.parseAndProcess(TemplateManager.java:607)
	at org.thymeleaf.TemplateEngine.process(TemplateEngine.java:1098)
	at org.thymeleaf.TemplateEngine.process(TemplateEngine.java:1072)
	at org.thymeleaf.spring5.view.ThymeleafView.renderFragment(ThymeleafView.java:366)
	at org.thymeleaf.spring5.view.ThymeleafView.render(ThymeleafView.java:190)
	at org.springframework.web.servlet.DispatcherServlet.render(DispatcherServlet.java:1406)
	at org.springframework.web.servlet.DispatcherServlet.processDispatchResult(DispatcherServlet.java:1150)
	at org.springframework.web.servlet.DispatcherServlet.doDispatch(DispatcherServlet.java:1089)
	at org.springframework.web.servlet.DispatcherServlet.doService(DispatcherServlet.java:965)
	at org.springframework.web.servlet.FrameworkServlet.processRequest(FrameworkServlet.java:1006)
	at org.springframework.web.servlet.FrameworkServlet.doGet(FrameworkServlet.java:898)
	at javax.servlet.http.HttpServlet.service(HttpServlet.java:529)
	at org.springframework.web.servlet.FrameworkServlet.service(FrameworkServlet.java:883)
	at javax.servlet.http.HttpServlet.service(HttpServlet.java:623)
	at org.apache.catalina.core.ApplicationFilterChain.internalDoFilter(ApplicationFilterChain.java:209)
	at org.apache.catalina.core.ApplicationFilterChain.doFilter(ApplicationFilterChain.java:153)
	at org.apache.tomcat.websocket.server.WsFilter.doFilter(WsFilter.java:51)
	at org.apache.catalina.core.ApplicationFilterChain.internalDoFilter(ApplicationFilterChain.java:178)
	at org.apache.catalina.core.ApplicationFilterChain.doFilter(ApplicationFilterChain.java:153)
	at org.springframework.web.filter.RequestContextFilter.doFilterInternal(RequestContextFilter.java:100)
	at org.springframework.web.filter.OncePerRequestFilter.doFilter(OncePerRequestFilter.java:117)
	at org.apache.catalina.core.ApplicationFilterChain.internalDoFilter(ApplicationFilterChain.java:178)
	at org.apache.catalina.core.ApplicationFilterChain.doFilter(ApplicationFilterChain.java:153)
	at org.springframework.web.filter.FormContentFilter.doFilterInternal(FormContentFilter.java:93)
	at org.springframework.web.filter.OncePerRequestFilter.doFilter(OncePerRequestFilter.java:117)
	at org.apache.catalina.core.ApplicationFilterChain.internalDoFilter(ApplicationFilterChain.java:178)
	at org.apache.catalina.core.ApplicationFilterChain.doFilter(ApplicationFilterChain.java:153)
	at org.springframework.web.filter.CharacterEncodingFilter.doFilterInternal(CharacterEncodingFilter.java:201)
	at org.springframework.web.filter.OncePerRequestFilter.doFilter(OncePerRequestFilter.java:117)
	at org.apache.catalina.core.ApplicationFilterChain.internalDoFilter(ApplicationFilterChain.java:178)
	at org.apache.catalina.core.ApplicationFilterChain.doFilter(ApplicationFilterChain.java:153)
	at org.apache.catalina.core.StandardWrapperValve.invoke(StandardWrapperValve.java:168)
	at org.apache.catalina.core.StandardContextValve.invoke(StandardContextValve.java:90)
	at org.apache.catalina.authenticator.AuthenticatorBase.invoke(AuthenticatorBase.java:481)
	at org.apache.catalina.core.StandardHostValve.invoke(StandardHostValve.java:130)
	at org.apache.catalina.valves.ErrorReportValve.invoke(ErrorReportValve.java:93)
	at org.apache.catalina.core.StandardEngineValve.invoke(StandardEngineValve.java:74)
	at org.apache.catalina.connector.CoyoteAdapter.service(CoyoteAdapter.java:342)
	at org.apache.coyote.http11.Http11Processor.service(Http11Processor.java:390)
	at org.apache.coyote.AbstractProcessorLight.process(AbstractProcessorLight.java:63)
	at org.apache.coyote.AbstractProtocol$ConnectionHandler.process(AbstractProtocol.java:928)
	at org.apache.tomcat.util.net.NioEndpoint$SocketProcessor.doRun(NioEndpoint.java:1794)
	at org.apache.tomcat.util.net.SocketProcessorBase.run(SocketProcessorBase.java:52)
	at org.apache.tomcat.util.threads.ThreadPoolExecutor.runWorker(ThreadPoolExecutor.java:1191)
	at org.apache.tomcat.util.threads.ThreadPoolExecutor$Worker.run(ThreadPoolExecutor.java:659)
	at org.apache.tomcat.util.threads.TaskThread$WrappingRunnable.run(TaskThread.java:61)
	at java.lang.Thread.run(Thread.java:748)
2025-08-28 23:53:03.944 [http-nio-8080-exec-1] ERROR org.apache.juli.logging.DirectJDKLog log - Servlet.service() for servlet [dispatcherServlet] in context with path [] threw exception [Request processing failed; nested exception is org.thymeleaf.exceptions.TemplateInputException: Error resolving template [siyubao_xhs], template might not exist or might not be accessible by any of the configured Template Resolvers] with root cause
org.thymeleaf.exceptions.TemplateInputException: Error resolving template [siyubao_xhs], template might not exist or might not be accessible by any of the configured Template Resolvers
	at org.thymeleaf.engine.TemplateManager.resolveTemplate(TemplateManager.java:869)
	at org.thymeleaf.engine.TemplateManager.parseAndProcess(TemplateManager.java:607)
	at org.thymeleaf.TemplateEngine.process(TemplateEngine.java:1098)
	at org.thymeleaf.TemplateEngine.process(TemplateEngine.java:1072)
	at org.thymeleaf.spring5.view.ThymeleafView.renderFragment(ThymeleafView.java:366)
	at org.thymeleaf.spring5.view.ThymeleafView.render(ThymeleafView.java:190)
	at org.springframework.web.servlet.DispatcherServlet.render(DispatcherServlet.java:1406)
	at org.springframework.web.servlet.DispatcherServlet.processDispatchResult(DispatcherServlet.java:1150)
	at org.springframework.web.servlet.DispatcherServlet.doDispatch(DispatcherServlet.java:1089)
	at org.springframework.web.servlet.DispatcherServlet.doService(DispatcherServlet.java:965)
	at org.springframework.web.servlet.FrameworkServlet.processRequest(FrameworkServlet.java:1006)
	at org.springframework.web.servlet.FrameworkServlet.doGet(FrameworkServlet.java:898)
	at javax.servlet.http.HttpServlet.service(HttpServlet.java:529)
	at org.springframework.web.servlet.FrameworkServlet.service(FrameworkServlet.java:883)
	at javax.servlet.http.HttpServlet.service(HttpServlet.java:623)
	at org.apache.catalina.core.ApplicationFilterChain.internalDoFilter(ApplicationFilterChain.java:209)
	at org.apache.catalina.core.ApplicationFilterChain.doFilter(ApplicationFilterChain.java:153)
	at org.apache.tomcat.websocket.server.WsFilter.doFilter(WsFilter.java:51)
	at org.apache.catalina.core.ApplicationFilterChain.internalDoFilter(ApplicationFilterChain.java:178)
	at org.apache.catalina.core.ApplicationFilterChain.doFilter(ApplicationFilterChain.java:153)
	at org.springframework.web.filter.RequestContextFilter.doFilterInternal(RequestContextFilter.java:100)
	at org.springframework.web.filter.OncePerRequestFilter.doFilter(OncePerRequestFilter.java:117)
	at org.apache.catalina.core.ApplicationFilterChain.internalDoFilter(ApplicationFilterChain.java:178)
	at org.apache.catalina.core.ApplicationFilterChain.doFilter(ApplicationFilterChain.java:153)
	at org.springframework.web.filter.FormContentFilter.doFilterInternal(FormContentFilter.java:93)
	at org.springframework.web.filter.OncePerRequestFilter.doFilter(OncePerRequestFilter.java:117)
	at org.apache.catalina.core.ApplicationFilterChain.internalDoFilter(ApplicationFilterChain.java:178)
	at org.apache.catalina.core.ApplicationFilterChain.doFilter(ApplicationFilterChain.java:153)
	at org.springframework.web.filter.CharacterEncodingFilter.doFilterInternal(CharacterEncodingFilter.java:201)
	at org.springframework.web.filter.OncePerRequestFilter.doFilter(OncePerRequestFilter.java:117)
	at org.apache.catalina.core.ApplicationFilterChain.internalDoFilter(ApplicationFilterChain.java:178)
	at org.apache.catalina.core.ApplicationFilterChain.doFilter(ApplicationFilterChain.java:153)
	at org.apache.catalina.core.StandardWrapperValve.invoke(StandardWrapperValve.java:168)
	at org.apache.catalina.core.StandardContextValve.invoke(StandardContextValve.java:90)
	at org.apache.catalina.authenticator.AuthenticatorBase.invoke(AuthenticatorBase.java:481)
	at org.apache.catalina.core.StandardHostValve.invoke(StandardHostValve.java:130)
	at org.apache.catalina.valves.ErrorReportValve.invoke(ErrorReportValve.java:93)
	at org.apache.catalina.core.StandardEngineValve.invoke(StandardEngineValve.java:74)
	at org.apache.catalina.connector.CoyoteAdapter.service(CoyoteAdapter.java:342)
	at org.apache.coyote.http11.Http11Processor.service(Http11Processor.java:390)
	at org.apache.coyote.AbstractProcessorLight.process(AbstractProcessorLight.java:63)
	at org.apache.coyote.AbstractProtocol$ConnectionHandler.process(AbstractProtocol.java:928)
	at org.apache.tomcat.util.net.NioEndpoint$SocketProcessor.doRun(NioEndpoint.java:1794)
	at org.apache.tomcat.util.net.SocketProcessorBase.run(SocketProcessorBase.java:52)
	at org.apache.tomcat.util.threads.ThreadPoolExecutor.runWorker(ThreadPoolExecutor.java:1191)
	at org.apache.tomcat.util.threads.ThreadPoolExecutor$Worker.run(ThreadPoolExecutor.java:659)
	at org.apache.tomcat.util.threads.TaskThread$WrappingRunnable.run(TaskThread.java:61)
	at java.lang.Thread.run(Thread.java:748)
2025-08-28 23:53:30.821 [restartedMain] INFO  o.s.boot.StartupInfoLogger logStarting - Starting SiyubaoApplication using Java 1.8.0_281 on meizhiwendeMacBook-Pro.local with PID 29334 (/Users/meizhiwen/dev/siyubao/target/classes started by meizhiwen in /Users/meizhiwen/dev/siyubao)
2025-08-28 23:53:30.824 [restartedMain] INFO  o.s.boot.SpringApplication logStartupProfileInfo - No active profile set, falling back to 1 default profile: "default"
2025-08-28 23:53:30.901 [restartedMain] INFO  o.s.boot.logging.DeferredLog logTo - Devtools property defaults active! Set 'spring.devtools.add-properties' to 'false' to disable
2025-08-28 23:53:30.901 [restartedMain] INFO  o.s.boot.logging.DeferredLog logTo - For additional web related logging consider setting the 'logging.level.web' property to 'DEBUG'
2025-08-28 23:53:32.216 [restartedMain] INFO  o.s.b.w.e.tomcat.TomcatWebServer initialize - Tomcat initialized with port(s): 8080 (http)
2025-08-28 23:53:32.224 [restartedMain] INFO  org.apache.juli.logging.DirectJDKLog log - Initializing ProtocolHandler ["http-nio-8080"]
2025-08-28 23:53:32.225 [restartedMain] INFO  org.apache.juli.logging.DirectJDKLog log - Starting service [Tomcat]
2025-08-28 23:53:32.226 [restartedMain] INFO  org.apache.juli.logging.DirectJDKLog log - Starting Servlet engine: [Apache Tomcat/9.0.83]
2025-08-28 23:53:32.281 [restartedMain] INFO  org.apache.juli.logging.DirectJDKLog log - Initializing Spring embedded WebApplicationContext
2025-08-28 23:53:32.282 [restartedMain] INFO  o.s.b.w.s.c.ServletWebServerApplicationContext prepareWebApplicationContext - Root WebApplicationContext: initialization completed in 1380 ms
2025-08-28 23:53:32.955 [restartedMain] WARN  o.t.templatemode.TemplateMode parse - [THYMELEAF][restartedMain] Template Mode 'LEGACYHTML5' is deprecated. Using Template Mode 'HTML' instead.
2025-08-28 23:53:33.285 [restartedMain] INFO  o.s.b.d.a.OptionalLiveReloadServer startServer - LiveReload server is running on port 35729
2025-08-28 23:53:33.306 [restartedMain] INFO  org.apache.juli.logging.DirectJDKLog log - Starting ProtocolHandler ["http-nio-8080"]
2025-08-28 23:53:33.321 [restartedMain] INFO  o.s.b.w.e.tomcat.TomcatWebServer start - Tomcat started on port(s): 8080 (http) with context path ''
2025-08-28 23:53:33.332 [restartedMain] INFO  o.s.boot.StartupInfoLogger logStarted - Started SiyubaoApplication in 3.363 seconds (JVM running for 4.273)
2025-08-28 23:53:35.767 [http-nio-8080-exec-1] INFO  org.apache.juli.logging.DirectJDKLog log - Initializing Spring DispatcherServlet 'dispatcherServlet'
2025-08-28 23:53:35.770 [http-nio-8080-exec-1] INFO  o.s.web.servlet.FrameworkServlet initServletBean - Initializing Servlet 'dispatcherServlet'
2025-08-28 23:53:35.771 [http-nio-8080-exec-1] INFO  o.s.web.servlet.FrameworkServlet initServletBean - Completed initialization in 1 ms
2025-08-28 23:53:35.866 [http-nio-8080-exec-1] INFO  c.l.s.c.DySxChatGenerateController gen - 线路:cq||用户名称:用户8628897890167||用户头像:./avatar/avatar_17658.jpg||聊天内容:[{"contentType":1,"dateTimeStr":"23:52","msg":"五大一小","msgType":1,"userName":"用户8628897890167"},{"contentType":1,"dateTimeStr":"23:52","msg":"您好呀，您这边计划什么时候出行呢","msgType":2,"userName":"用户8628897890167"},{"contentType":1,"dateTimeStr":"23:52","msg":"29号到","msgType":1,"userName":"用户8628897890167"},{"contentType":1,"dateTimeStr":"23:52","msg":"多少钱","msgType":1,"userName":"用户8628897890167"},{"contentType":1,"dateTimeStr":"23:52","msg":"好的。您留个微，我发您吧，您看下行程安排和报价","msgType":2,"userName":"用户8628897890167"},{"contentType":1,"dateTimeStr":"23:52","msg":"13730002886","msgType":1,"userName":"用户8628897890167"},{"contentType":1,"dateTimeStr":"23:52","msg":"好的，马上安排专属管家添加您一会儿您记得通过一下我哦","msgType":2,"userName":"用户8628897890167"}]
2025-08-28 23:53:35.868 [http-nio-8080-exec-1] INFO  c.l.s.c.DySxChatGenerateController gen - ==================================#########################===========================================
2025-08-28 23:54:01.986 [http-nio-8080-exec-2] INFO  c.l.s.c.DySxChatGenerateController gen - 线路:cq||用户名称:用户8628897890167||用户头像:./avatar/avatar_8981.jpg||聊天内容:[{"contentType":1,"dateTimeStr":"23:53","msg":"五大一小","msgType":1,"userName":"用户8628897890167"},{"contentType":1,"dateTimeStr":"23:53","msg":"您好呀，您这边计划什么时候出行呢","msgType":2,"userName":"用户8628897890167"},{"contentType":1,"dateTimeStr":"23:53","msg":"29号到","msgType":1,"userName":"用户8628897890167"},{"contentType":1,"dateTimeStr":"23:53","msg":"多少钱","msgType":1,"userName":"用户8628897890167"},{"contentType":1,"dateTimeStr":"23:53","msg":"好的。您留个微，我发您吧，您看下行程安排和报价","msgType":2,"userName":"用户8628897890167"},{"contentType":1,"dateTimeStr":"23:53","msg":"13730002886","msgType":1,"userName":"用户8628897890167"},{"contentType":1,"dateTimeStr":"23:53","msg":"好的，马上安排专属管家添加您一会儿您记得通过一下我哦","msgType":2,"userName":"用户8628897890167"}]
2025-08-28 23:54:01.989 [http-nio-8080-exec-2] INFO  c.l.s.c.DySxChatGenerateController gen - ==================================#########################===========================================
