2025-09-01 10:10:09.261 [http-nio-8080-exec-10] INFO  c.l.s.c.DySxChatGenerateController gen - 线路:sc||用户名称:毕老爷||用户头像:./avatar/avatar_2477.jpg||聊天内容:[{"contentType":1,"dateTimeStr":"10:09","msg":"怎么玩","msgType":1,"userName":"毕老爷"},{"contentType":1,"dateTimeStr":"10:09","msg":"7天一共多少钱","msgType":1,"userName":"毕老爷"},{"contentType":1,"dateTimeStr":"10:09","msg":"亲，您这边留个联系方式，我们管家给您做详细介绍","msgType":2,"userName":"毕老爷"},{"contentType":1,"dateTimeStr":"10:09","msg":"13608850472","msgType":1,"userName":"毕老爷"},{"contentType":1,"dateTimeStr":"10:09","msg":"好的，马上安排专属管家添加您一会儿您记得通过一下我哦","msgType":2,"userName":"毕老爷"}]
2025-09-01 10:10:09.291 [http-nio-8080-exec-10] INFO  c.l.s.c.DySxChatGenerateController gen - ==================================#########################===========================================
2025-09-01 10:19:18.927 [http-nio-8080-exec-7] INFO  c.l.s.c.DySxChatGenerateController gen - 线路:sc2||用户名称:森林微风||用户头像:./avatar/avatar_3315.jpg||聊天内容:[{"contentType":1,"dateTimeStr":"10:18","msg":"您好，计划玩几天，几个朋友过来四川游玩扇鹼我根据你的需求帮您免费令做一个详细的规划。","msgType":2,"userName":"森林微风"},{"contentType":1,"dateTimeStr":"10:18","msg":"5天","msgType":1,"userName":"森林微风"},{"contentType":1,"dateTimeStr":"10:18","msg":"亲，平台有限制，会封私信的，方便留个薇·，咱们的小管家+你，给你发行程线路+酒店环境+报价清单你先参考-","msgType":2,"userName":"森林微风"},{"contentType":1,"dateTimeStr":"10:18","msg":"2人","msgType":1,"userName":"森林微风"},{"contentType":1,"dateTimeStr":"10:18","msg":"辛苦您留个联系方式，我加您给您发详细的行程文档 吃住行都一清二楚哦","msgType":2,"userName":"森林微风"},{"contentType":1,"dateTimeStr":"10:18","msg":"13366152368","msgType":1,"userName":"森林微风"},{"contentType":1,"dateTimeStr":"10:18","msg":"好的，马上安排专属管家添加您一会儿您记得通过一下我哦","msgType":2,"userName":"森林微风"}]
2025-09-01 10:19:18.931 [http-nio-8080-exec-7] INFO  c.l.s.c.DySxChatGenerateController gen - ==================================#########################===========================================
2025-09-01 10:29:42.126 [restartedMain] INFO  o.s.boot.StartupInfoLogger logStarting - Starting SiyubaoApplication using Java 1.8.0_281 on meizhiwendeMacBook-Pro.local with PID 9322 (/Users/meizhiwen/dev/siyubao/target/classes started by meizhiwen in /Users/meizhiwen/dev/siyubao)
2025-09-01 10:29:42.128 [restartedMain] INFO  o.s.boot.SpringApplication logStartupProfileInfo - No active profile set, falling back to 1 default profile: "default"
2025-09-01 10:29:42.209 [restartedMain] INFO  o.s.boot.logging.DeferredLog logTo - Devtools property defaults active! Set 'spring.devtools.add-properties' to 'false' to disable
2025-09-01 10:29:42.209 [restartedMain] INFO  o.s.boot.logging.DeferredLog logTo - For additional web related logging consider setting the 'logging.level.web' property to 'DEBUG'
2025-09-01 10:29:43.325 [restartedMain] INFO  o.s.b.w.e.tomcat.TomcatWebServer initialize - Tomcat initialized with port(s): 8080 (http)
2025-09-01 10:29:43.331 [restartedMain] INFO  org.apache.juli.logging.DirectJDKLog log - Initializing ProtocolHandler ["http-nio-8080"]
2025-09-01 10:29:43.333 [restartedMain] INFO  org.apache.juli.logging.DirectJDKLog log - Starting service [Tomcat]
2025-09-01 10:29:43.333 [restartedMain] INFO  org.apache.juli.logging.DirectJDKLog log - Starting Servlet engine: [Apache Tomcat/9.0.83]
2025-09-01 10:29:43.410 [restartedMain] INFO  org.apache.juli.logging.DirectJDKLog log - Initializing Spring embedded WebApplicationContext
2025-09-01 10:29:43.414 [restartedMain] INFO  o.s.b.w.s.c.ServletWebServerApplicationContext prepareWebApplicationContext - Root WebApplicationContext: initialization completed in 1204 ms
2025-09-01 10:29:44.454 [restartedMain] INFO  o.s.b.d.a.OptionalLiveReloadServer startServer - LiveReload server is running on port 35729
2025-09-01 10:29:44.475 [restartedMain] INFO  org.apache.juli.logging.DirectJDKLog log - Starting ProtocolHandler ["http-nio-8080"]
2025-09-01 10:29:44.490 [restartedMain] INFO  o.s.b.w.e.tomcat.TomcatWebServer start - Tomcat started on port(s): 8080 (http) with context path ''
2025-09-01 10:29:44.508 [restartedMain] INFO  o.s.boot.StartupInfoLogger logStarted - Started SiyubaoApplication in 3.064 seconds (JVM running for 4.147)
2025-09-01 10:29:47.872 [http-nio-8080-exec-1] INFO  org.apache.juli.logging.DirectJDKLog log - Initializing Spring DispatcherServlet 'dispatcherServlet'
2025-09-01 10:29:47.873 [http-nio-8080-exec-1] INFO  o.s.web.servlet.FrameworkServlet initServletBean - Initializing Servlet 'dispatcherServlet'
2025-09-01 10:29:47.874 [http-nio-8080-exec-1] INFO  o.s.web.servlet.FrameworkServlet initServletBean - Completed initialization in 1 ms
2025-09-01 10:29:47.957 [http-nio-8080-exec-1] INFO  c.l.s.c.DySxChatGenerateController gen - 线路:sc||用户名称:小红书森林微风||用户头像:./avatar/avatar_13091.jpg||聊天内容:[{"contentType":1,"dateTimeStr":"10:28","msg":"您好，计划玩几天，几个朋友过来四川游玩扇鹼我根据你的需求帮您免费令做一个详细的规划。","msgType":2,"userName":"小红书森林微风"},{"contentType":1,"dateTimeStr":"10:28","msg":"5天","msgType":1,"userName":"小红书森林微风"},{"contentType":1,"dateTimeStr":"10:28","msg":"亲，平台有限制，会封私信的，方便留个薇·，咱们的小管家+你，给你发行程线路+酒店环境+报价清单你先参考-","msgType":2,"userName":"小红书森林微风"},{"contentType":1,"dateTimeStr":"10:28","msg":"2人","msgType":1,"userName":"小红书森林微风"},{"contentType":1,"dateTimeStr":"10:28","msg":"辛苦您留个联系方式，我加您给您发详细的行程文档 吃住行都一清二楚哦","msgType":2,"userName":"小红书森林微风"},{"contentType":1,"dateTimeStr":"10:28","msg":"13366152368","msgType":1,"userName":"小红书森林微风"},{"contentType":1,"dateTimeStr":"10:28","msg":"好的，马上安排专属管家添加您一会儿您记得通过一下我哦","msgType":2,"userName":"小红书森林微风"}]
2025-09-01 10:29:47.958 [http-nio-8080-exec-1] INFO  c.l.s.c.DySxChatGenerateController gen - ==================================#########################===========================================
2025-09-01 10:29:56.291 [http-nio-8080-exec-9] INFO  c.l.s.c.DySxChatGenerateController gen - 线路:sc2||用户名称:森林微风||用户头像:./avatar/avatar_3453.jpg||聊天内容:[{"contentType":1,"dateTimeStr":"10:28","msg":"您好，计划玩几天，几个朋友过来四川游玩扇鹼我根据你的需求帮您免费令做一个详细的规划。","msgType":2,"userName":"森林微风"},{"contentType":1,"dateTimeStr":"10:28","msg":"5天","msgType":1,"userName":"森林微风"},{"contentType":1,"dateTimeStr":"10:28","msg":"亲，平台有限制，会封私信的，方便留个薇·，咱们的小管家+你，给你发行程线路+酒店环境+报价清单你先参考-","msgType":2,"userName":"森林微风"},{"contentType":1,"dateTimeStr":"10:28","msg":"2人","msgType":1,"userName":"森林微风"},{"contentType":1,"dateTimeStr":"10:28","msg":"辛苦您留个联系方式，我加您给您发详细的行程文档 吃住行都一清二楚哦","msgType":2,"userName":"森林微风"},{"contentType":1,"dateTimeStr":"10:28","msg":"13366152368","msgType":1,"userName":"森林微风"},{"contentType":1,"dateTimeStr":"10:28","msg":"好的，马上安排专属管家添加您一会儿您记得通过一下我哦","msgType":2,"userName":"森林微风"}]
2025-09-01 10:29:56.294 [http-nio-8080-exec-9] INFO  c.l.s.c.DySxChatGenerateController gen - ==================================#########################===========================================
2025-09-01 10:30:54.749 [http-nio-8080-exec-2] INFO  c.l.s.c.DySxChatGenerateController gen - 线路:sc2||用户名称:森林微风||用户头像:./avatar/avatar_17012.jpg||聊天内容:[{"contentType":1,"dateTimeStr":"10:29","msg":"您好，计划玩几天，几个朋友过来四川游玩扇鹼我根据你的需求帮您免费令做一个详细的规划。","msgType":2,"userName":"森林微风"},{"contentType":1,"dateTimeStr":"10:29","msg":"5天","msgType":1,"userName":"森林微风"},{"contentType":1,"dateTimeStr":"10:29","msg":"亲，平台有限制，会封私信的，方便留个薇·，咱们的小管家+你，给你发行程线路+酒店环境+报价清单你先参考-","msgType":2,"userName":"森林微风"},{"contentType":1,"dateTimeStr":"10:29","msg":"2人","msgType":1,"userName":"森林微风"},{"contentType":1,"dateTimeStr":"10:29","msg":"辛苦您留个联系方式，我加您给您发详细的行程文档 吃住行都一清二楚哦","msgType":2,"userName":"森林微风"},{"contentType":1,"dateTimeStr":"10:29","msg":"13366152368","msgType":1,"userName":"森林微风"},{"contentType":1,"dateTimeStr":"10:29","msg":"好的，马上安排专属管家添加您一会儿您记得通过一下我哦","msgType":2,"userName":"森林微风"}]
2025-09-01 10:30:54.751 [http-nio-8080-exec-2] INFO  c.l.s.c.DySxChatGenerateController gen - ==================================#########################===========================================
2025-09-01 10:30:56.273 [http-nio-8080-exec-3] INFO  c.l.s.c.DySxChatGenerateController gen - 线路:sc2||用户名称:森林微风||用户头像:./avatar/avatar_3959.jpg||聊天内容:[{"contentType":1,"dateTimeStr":"10:29","msg":"您好，计划玩几天，几个朋友过来四川游玩扇鹼我根据你的需求帮您免费令做一个详细的规划。","msgType":2,"userName":"森林微风"},{"contentType":1,"dateTimeStr":"10:29","msg":"5天","msgType":1,"userName":"森林微风"},{"contentType":1,"dateTimeStr":"10:29","msg":"亲，平台有限制，会封私信的，方便留个薇·，咱们的小管家+你，给你发行程线路+酒店环境+报价清单你先参考-","msgType":2,"userName":"森林微风"},{"contentType":1,"dateTimeStr":"10:29","msg":"2人","msgType":1,"userName":"森林微风"},{"contentType":1,"dateTimeStr":"10:29","msg":"辛苦您留个联系方式，我加您给您发详细的行程文档 吃住行都一清二楚哦","msgType":2,"userName":"森林微风"},{"contentType":1,"dateTimeStr":"10:29","msg":"13366152368","msgType":1,"userName":"森林微风"},{"contentType":1,"dateTimeStr":"10:29","msg":"好的，马上安排专属管家添加您一会儿您记得通过一下我哦","msgType":2,"userName":"森林微风"}]
2025-09-01 10:30:56.274 [http-nio-8080-exec-3] INFO  c.l.s.c.DySxChatGenerateController gen - ==================================#########################===========================================
2025-09-01 10:31:49.434 [http-nio-8080-exec-2] INFO  c.l.s.c.DySxChatGenerateController gen - 线路:sc2||用户名称:Aprili@||用户头像:./avatar/avatar_19081.jpg||聊天内容:[{"contentType":1,"dateTimeStr":"10:30","msg":"您好，计划玩几天，几个朋友过来四川游玩侖圇我根据你的需求帮您免费令做一个详细的规划。","msgType":2,"userName":"Aprili@"},{"contentType":1,"dateTimeStr":"10:30","msg":"五号去，两个人，七八天，多少钱?","msgType":1,"userName":"Aprili@"},{"contentType":1,"dateTimeStr":"10:30","msg":"好的亲","msgType":2,"userName":"Aprili@"},{"contentType":1,"dateTimeStr":"10:30","msg":"亲，平台有限制，会封私信的，方便留个薇·，咱们的小管家+你，给你发行程线路+酒店环境+报价清单你先参考-","msgType":2,"userName":"Aprili@"},{"contentType":1,"dateTimeStr":"10:30","msg":"15534258678","msgType":1,"userName":"Aprili@"},{"contentType":1,"dateTimeStr":"10:30","msg":"好的，马上安排专属管家添加您一会儿您记得通过一下我哦","msgType":2,"userName":"Aprili@"}]
2025-09-01 10:31:49.440 [http-nio-8080-exec-2] INFO  c.l.s.c.DySxChatGenerateController gen - ==================================#########################===========================================
2025-09-01 10:33:15.595 [http-nio-8080-exec-1] ERROR org.apache.juli.logging.DirectJDKLog log - Servlet.service() for servlet [dispatcherServlet] in context with path [] threw exception
java.nio.file.NoSuchFileException: /Users/meizhiwen/dev/siyubao/src/main/resources/static/xhschatcontent/scxhs_xhschat.txt
	at sun.nio.fs.UnixException.translateToIOException(UnixException.java:86)
	at sun.nio.fs.UnixException.rethrowAsIOException(UnixException.java:102)
	at sun.nio.fs.UnixException.rethrowAsIOException(UnixException.java:107)
	at sun.nio.fs.UnixFileSystemProvider.newByteChannel(UnixFileSystemProvider.java:214)
	at java.nio.file.Files.newByteChannel(Files.java:361)
	at java.nio.file.Files.newByteChannel(Files.java:407)
	at java.nio.file.spi.FileSystemProvider.newInputStream(FileSystemProvider.java:384)
	at java.nio.file.Files.newInputStream(Files.java:152)
	at java.nio.file.Files.newBufferedReader(Files.java:2784)
	at java.nio.file.Files.readAllLines(Files.java:3202)
	at java.nio.file.Files.readAllLines(Files.java:3242)
	at cn.laobayou.siyubao.controller.DySxChatGenerateController.generateChatMessage(DySxChatGenerateController.java:215)
	at cn.laobayou.siyubao.controller.DySxChatGenerateController.gen(DySxChatGenerateController.java:191)
	at sun.reflect.NativeMethodAccessorImpl.invoke0(Native Method)
	at sun.reflect.NativeMethodAccessorImpl.invoke(NativeMethodAccessorImpl.java:62)
	at sun.reflect.DelegatingMethodAccessorImpl.invoke(DelegatingMethodAccessorImpl.java:43)
	at java.lang.reflect.Method.invoke(Method.java:498)
	at org.springframework.web.method.support.InvocableHandlerMethod.doInvoke(InvocableHandlerMethod.java:205)
	at org.springframework.web.method.support.InvocableHandlerMethod.invokeForRequest(InvocableHandlerMethod.java:150)
	at org.springframework.web.servlet.mvc.method.annotation.ServletInvocableHandlerMethod.invokeAndHandle(ServletInvocableHandlerMethod.java:117)
	at org.springframework.web.servlet.mvc.method.annotation.RequestMappingHandlerAdapter.invokeHandlerMethod(RequestMappingHandlerAdapter.java:895)
	at org.springframework.web.servlet.mvc.method.annotation.RequestMappingHandlerAdapter.handleInternal(RequestMappingHandlerAdapter.java:808)
	at org.springframework.web.servlet.mvc.method.AbstractHandlerMethodAdapter.handle(AbstractHandlerMethodAdapter.java:87)
	at org.springframework.web.servlet.DispatcherServlet.doDispatch(DispatcherServlet.java:1072)
	at org.springframework.web.servlet.DispatcherServlet.doService(DispatcherServlet.java:965)
	at org.springframework.web.servlet.FrameworkServlet.processRequest(FrameworkServlet.java:1006)
	at org.springframework.web.servlet.FrameworkServlet.doGet(FrameworkServlet.java:898)
	at javax.servlet.http.HttpServlet.service(HttpServlet.java:529)
	at org.springframework.web.servlet.FrameworkServlet.service(FrameworkServlet.java:883)
	at javax.servlet.http.HttpServlet.service(HttpServlet.java:623)
	at org.apache.catalina.core.ApplicationFilterChain.internalDoFilter(ApplicationFilterChain.java:209)
	at org.apache.catalina.core.ApplicationFilterChain.doFilter(ApplicationFilterChain.java:153)
	at org.apache.tomcat.websocket.server.WsFilter.doFilter(WsFilter.java:51)
	at org.apache.catalina.core.ApplicationFilterChain.internalDoFilter(ApplicationFilterChain.java:178)
	at org.apache.catalina.core.ApplicationFilterChain.doFilter(ApplicationFilterChain.java:153)
	at org.springframework.web.filter.RequestContextFilter.doFilterInternal(RequestContextFilter.java:100)
	at org.springframework.web.filter.OncePerRequestFilter.doFilter(OncePerRequestFilter.java:117)
	at org.apache.catalina.core.ApplicationFilterChain.internalDoFilter(ApplicationFilterChain.java:178)
	at org.apache.catalina.core.ApplicationFilterChain.doFilter(ApplicationFilterChain.java:153)
	at org.springframework.web.filter.FormContentFilter.doFilterInternal(FormContentFilter.java:93)
	at org.springframework.web.filter.OncePerRequestFilter.doFilter(OncePerRequestFilter.java:117)
	at org.apache.catalina.core.ApplicationFilterChain.internalDoFilter(ApplicationFilterChain.java:178)
	at org.apache.catalina.core.ApplicationFilterChain.doFilter(ApplicationFilterChain.java:153)
	at org.springframework.web.filter.CharacterEncodingFilter.doFilterInternal(CharacterEncodingFilter.java:201)
	at org.springframework.web.filter.OncePerRequestFilter.doFilter(OncePerRequestFilter.java:117)
	at org.apache.catalina.core.ApplicationFilterChain.internalDoFilter(ApplicationFilterChain.java:178)
	at org.apache.catalina.core.ApplicationFilterChain.doFilter(ApplicationFilterChain.java:153)
	at org.apache.catalina.core.StandardWrapperValve.invoke(StandardWrapperValve.java:168)
	at org.apache.catalina.core.StandardContextValve.invoke(StandardContextValve.java:90)
	at org.apache.catalina.authenticator.AuthenticatorBase.invoke(AuthenticatorBase.java:481)
	at org.apache.catalina.core.StandardHostValve.invoke(StandardHostValve.java:130)
	at org.apache.catalina.valves.ErrorReportValve.invoke(ErrorReportValve.java:93)
	at org.apache.catalina.core.StandardEngineValve.invoke(StandardEngineValve.java:74)
	at org.apache.catalina.connector.CoyoteAdapter.service(CoyoteAdapter.java:342)
	at org.apache.coyote.http11.Http11Processor.service(Http11Processor.java:390)
	at org.apache.coyote.AbstractProcessorLight.process(AbstractProcessorLight.java:63)
	at org.apache.coyote.AbstractProtocol$ConnectionHandler.process(AbstractProtocol.java:928)
	at org.apache.tomcat.util.net.NioEndpoint$SocketProcessor.doRun(NioEndpoint.java:1794)
	at org.apache.tomcat.util.net.SocketProcessorBase.run(SocketProcessorBase.java:52)
	at org.apache.tomcat.util.threads.ThreadPoolExecutor.runWorker(ThreadPoolExecutor.java:1191)
	at org.apache.tomcat.util.threads.ThreadPoolExecutor$Worker.run(ThreadPoolExecutor.java:659)
	at org.apache.tomcat.util.threads.TaskThread$WrappingRunnable.run(TaskThread.java:61)
	at java.lang.Thread.run(Thread.java:748)
2025-09-01 10:33:47.289 [restartedMain] INFO  o.s.boot.StartupInfoLogger logStarting - Starting SiyubaoApplication using Java 1.8.0_281 on meizhiwendeMacBook-Pro.local with PID 9365 (/Users/meizhiwen/dev/siyubao/target/classes started by meizhiwen in /Users/meizhiwen/dev/siyubao)
2025-09-01 10:33:47.291 [restartedMain] INFO  o.s.boot.SpringApplication logStartupProfileInfo - No active profile set, falling back to 1 default profile: "default"
2025-09-01 10:33:47.361 [restartedMain] INFO  o.s.boot.logging.DeferredLog logTo - Devtools property defaults active! Set 'spring.devtools.add-properties' to 'false' to disable
2025-09-01 10:33:47.361 [restartedMain] INFO  o.s.boot.logging.DeferredLog logTo - For additional web related logging consider setting the 'logging.level.web' property to 'DEBUG'
2025-09-01 10:33:48.521 [restartedMain] INFO  o.s.b.w.e.tomcat.TomcatWebServer initialize - Tomcat initialized with port(s): 8080 (http)
2025-09-01 10:33:48.527 [restartedMain] INFO  org.apache.juli.logging.DirectJDKLog log - Initializing ProtocolHandler ["http-nio-8080"]
2025-09-01 10:33:48.528 [restartedMain] INFO  org.apache.juli.logging.DirectJDKLog log - Starting service [Tomcat]
2025-09-01 10:33:48.528 [restartedMain] INFO  org.apache.juli.logging.DirectJDKLog log - Starting Servlet engine: [Apache Tomcat/9.0.83]
2025-09-01 10:33:48.575 [restartedMain] INFO  org.apache.juli.logging.DirectJDKLog log - Initializing Spring embedded WebApplicationContext
2025-09-01 10:33:48.576 [restartedMain] INFO  o.s.b.w.s.c.ServletWebServerApplicationContext prepareWebApplicationContext - Root WebApplicationContext: initialization completed in 1214 ms
2025-09-01 10:33:49.513 [restartedMain] INFO  o.s.b.d.a.OptionalLiveReloadServer startServer - LiveReload server is running on port 35729
2025-09-01 10:33:49.534 [restartedMain] INFO  org.apache.juli.logging.DirectJDKLog log - Starting ProtocolHandler ["http-nio-8080"]
2025-09-01 10:33:49.548 [restartedMain] INFO  o.s.b.w.e.tomcat.TomcatWebServer start - Tomcat started on port(s): 8080 (http) with context path ''
2025-09-01 10:33:49.566 [restartedMain] INFO  o.s.boot.StartupInfoLogger logStarted - Started SiyubaoApplication in 2.813 seconds (JVM running for 3.678)
2025-09-01 10:34:11.376 [http-nio-8080-exec-1] INFO  org.apache.juli.logging.DirectJDKLog log - Initializing Spring DispatcherServlet 'dispatcherServlet'
2025-09-01 10:34:11.377 [http-nio-8080-exec-1] INFO  o.s.web.servlet.FrameworkServlet initServletBean - Initializing Servlet 'dispatcherServlet'
2025-09-01 10:34:11.382 [http-nio-8080-exec-1] INFO  o.s.web.servlet.FrameworkServlet initServletBean - Completed initialization in 5 ms
2025-09-01 10:34:11.481 [http-nio-8080-exec-1] ERROR org.apache.juli.logging.DirectJDKLog log - Servlet.service() for servlet [dispatcherServlet] in context with path [] threw exception
java.nio.file.NoSuchFileException: /Users/meizhiwen/dev/siyubao/src/main/resources/static/xhschatcontent/scxhs_xhschat.txt
	at sun.nio.fs.UnixException.translateToIOException(UnixException.java:86)
	at sun.nio.fs.UnixException.rethrowAsIOException(UnixException.java:102)
	at sun.nio.fs.UnixException.rethrowAsIOException(UnixException.java:107)
	at sun.nio.fs.UnixFileSystemProvider.newByteChannel(UnixFileSystemProvider.java:214)
	at java.nio.file.Files.newByteChannel(Files.java:361)
	at java.nio.file.Files.newByteChannel(Files.java:407)
	at java.nio.file.spi.FileSystemProvider.newInputStream(FileSystemProvider.java:384)
	at java.nio.file.Files.newInputStream(Files.java:152)
	at java.nio.file.Files.newBufferedReader(Files.java:2784)
	at java.nio.file.Files.readAllLines(Files.java:3202)
	at java.nio.file.Files.readAllLines(Files.java:3242)
	at cn.laobayou.siyubao.controller.DySxChatGenerateController.generateChatMessage(DySxChatGenerateController.java:215)
	at cn.laobayou.siyubao.controller.DySxChatGenerateController.gen(DySxChatGenerateController.java:191)
	at sun.reflect.NativeMethodAccessorImpl.invoke0(Native Method)
	at sun.reflect.NativeMethodAccessorImpl.invoke(NativeMethodAccessorImpl.java:62)
	at sun.reflect.DelegatingMethodAccessorImpl.invoke(DelegatingMethodAccessorImpl.java:43)
	at java.lang.reflect.Method.invoke(Method.java:498)
	at org.springframework.web.method.support.InvocableHandlerMethod.doInvoke(InvocableHandlerMethod.java:205)
	at org.springframework.web.method.support.InvocableHandlerMethod.invokeForRequest(InvocableHandlerMethod.java:150)
	at org.springframework.web.servlet.mvc.method.annotation.ServletInvocableHandlerMethod.invokeAndHandle(ServletInvocableHandlerMethod.java:117)
	at org.springframework.web.servlet.mvc.method.annotation.RequestMappingHandlerAdapter.invokeHandlerMethod(RequestMappingHandlerAdapter.java:895)
	at org.springframework.web.servlet.mvc.method.annotation.RequestMappingHandlerAdapter.handleInternal(RequestMappingHandlerAdapter.java:808)
	at org.springframework.web.servlet.mvc.method.AbstractHandlerMethodAdapter.handle(AbstractHandlerMethodAdapter.java:87)
	at org.springframework.web.servlet.DispatcherServlet.doDispatch(DispatcherServlet.java:1072)
	at org.springframework.web.servlet.DispatcherServlet.doService(DispatcherServlet.java:965)
	at org.springframework.web.servlet.FrameworkServlet.processRequest(FrameworkServlet.java:1006)
	at org.springframework.web.servlet.FrameworkServlet.doGet(FrameworkServlet.java:898)
	at javax.servlet.http.HttpServlet.service(HttpServlet.java:529)
	at org.springframework.web.servlet.FrameworkServlet.service(FrameworkServlet.java:883)
	at javax.servlet.http.HttpServlet.service(HttpServlet.java:623)
	at org.apache.catalina.core.ApplicationFilterChain.internalDoFilter(ApplicationFilterChain.java:209)
	at org.apache.catalina.core.ApplicationFilterChain.doFilter(ApplicationFilterChain.java:153)
	at org.apache.tomcat.websocket.server.WsFilter.doFilter(WsFilter.java:51)
	at org.apache.catalina.core.ApplicationFilterChain.internalDoFilter(ApplicationFilterChain.java:178)
	at org.apache.catalina.core.ApplicationFilterChain.doFilter(ApplicationFilterChain.java:153)
	at org.springframework.web.filter.RequestContextFilter.doFilterInternal(RequestContextFilter.java:100)
	at org.springframework.web.filter.OncePerRequestFilter.doFilter(OncePerRequestFilter.java:117)
	at org.apache.catalina.core.ApplicationFilterChain.internalDoFilter(ApplicationFilterChain.java:178)
	at org.apache.catalina.core.ApplicationFilterChain.doFilter(ApplicationFilterChain.java:153)
	at org.springframework.web.filter.FormContentFilter.doFilterInternal(FormContentFilter.java:93)
	at org.springframework.web.filter.OncePerRequestFilter.doFilter(OncePerRequestFilter.java:117)
	at org.apache.catalina.core.ApplicationFilterChain.internalDoFilter(ApplicationFilterChain.java:178)
	at org.apache.catalina.core.ApplicationFilterChain.doFilter(ApplicationFilterChain.java:153)
	at org.springframework.web.filter.CharacterEncodingFilter.doFilterInternal(CharacterEncodingFilter.java:201)
	at org.springframework.web.filter.OncePerRequestFilter.doFilter(OncePerRequestFilter.java:117)
	at org.apache.catalina.core.ApplicationFilterChain.internalDoFilter(ApplicationFilterChain.java:178)
	at org.apache.catalina.core.ApplicationFilterChain.doFilter(ApplicationFilterChain.java:153)
	at org.apache.catalina.core.StandardWrapperValve.invoke(StandardWrapperValve.java:168)
	at org.apache.catalina.core.StandardContextValve.invoke(StandardContextValve.java:90)
	at org.apache.catalina.authenticator.AuthenticatorBase.invoke(AuthenticatorBase.java:481)
	at org.apache.catalina.core.StandardHostValve.invoke(StandardHostValve.java:130)
	at org.apache.catalina.valves.ErrorReportValve.invoke(ErrorReportValve.java:93)
	at org.apache.catalina.core.StandardEngineValve.invoke(StandardEngineValve.java:74)
	at org.apache.catalina.connector.CoyoteAdapter.service(CoyoteAdapter.java:342)
	at org.apache.coyote.http11.Http11Processor.service(Http11Processor.java:390)
	at org.apache.coyote.AbstractProcessorLight.process(AbstractProcessorLight.java:63)
	at org.apache.coyote.AbstractProtocol$ConnectionHandler.process(AbstractProtocol.java:928)
	at org.apache.tomcat.util.net.NioEndpoint$SocketProcessor.doRun(NioEndpoint.java:1794)
	at org.apache.tomcat.util.net.SocketProcessorBase.run(SocketProcessorBase.java:52)
	at org.apache.tomcat.util.threads.ThreadPoolExecutor.runWorker(ThreadPoolExecutor.java:1191)
	at org.apache.tomcat.util.threads.ThreadPoolExecutor$Worker.run(ThreadPoolExecutor.java:659)
	at org.apache.tomcat.util.threads.TaskThread$WrappingRunnable.run(TaskThread.java:61)
	at java.lang.Thread.run(Thread.java:748)
2025-09-01 10:34:12.400 [http-nio-8080-exec-2] ERROR org.apache.juli.logging.DirectJDKLog log - Servlet.service() for servlet [dispatcherServlet] in context with path [] threw exception
java.nio.file.NoSuchFileException: /Users/meizhiwen/dev/siyubao/src/main/resources/static/xhschatcontent/scxhs_xhschat.txt
	at sun.nio.fs.UnixException.translateToIOException(UnixException.java:86)
	at sun.nio.fs.UnixException.rethrowAsIOException(UnixException.java:102)
	at sun.nio.fs.UnixException.rethrowAsIOException(UnixException.java:107)
	at sun.nio.fs.UnixFileSystemProvider.newByteChannel(UnixFileSystemProvider.java:214)
	at java.nio.file.Files.newByteChannel(Files.java:361)
	at java.nio.file.Files.newByteChannel(Files.java:407)
	at java.nio.file.spi.FileSystemProvider.newInputStream(FileSystemProvider.java:384)
	at java.nio.file.Files.newInputStream(Files.java:152)
	at java.nio.file.Files.newBufferedReader(Files.java:2784)
	at java.nio.file.Files.readAllLines(Files.java:3202)
	at java.nio.file.Files.readAllLines(Files.java:3242)
	at cn.laobayou.siyubao.controller.DySxChatGenerateController.generateChatMessage(DySxChatGenerateController.java:215)
	at cn.laobayou.siyubao.controller.DySxChatGenerateController.gen(DySxChatGenerateController.java:191)
	at sun.reflect.NativeMethodAccessorImpl.invoke0(Native Method)
	at sun.reflect.NativeMethodAccessorImpl.invoke(NativeMethodAccessorImpl.java:62)
	at sun.reflect.DelegatingMethodAccessorImpl.invoke(DelegatingMethodAccessorImpl.java:43)
	at java.lang.reflect.Method.invoke(Method.java:498)
	at org.springframework.web.method.support.InvocableHandlerMethod.doInvoke(InvocableHandlerMethod.java:205)
	at org.springframework.web.method.support.InvocableHandlerMethod.invokeForRequest(InvocableHandlerMethod.java:150)
	at org.springframework.web.servlet.mvc.method.annotation.ServletInvocableHandlerMethod.invokeAndHandle(ServletInvocableHandlerMethod.java:117)
	at org.springframework.web.servlet.mvc.method.annotation.RequestMappingHandlerAdapter.invokeHandlerMethod(RequestMappingHandlerAdapter.java:895)
	at org.springframework.web.servlet.mvc.method.annotation.RequestMappingHandlerAdapter.handleInternal(RequestMappingHandlerAdapter.java:808)
	at org.springframework.web.servlet.mvc.method.AbstractHandlerMethodAdapter.handle(AbstractHandlerMethodAdapter.java:87)
	at org.springframework.web.servlet.DispatcherServlet.doDispatch(DispatcherServlet.java:1072)
	at org.springframework.web.servlet.DispatcherServlet.doService(DispatcherServlet.java:965)
	at org.springframework.web.servlet.FrameworkServlet.processRequest(FrameworkServlet.java:1006)
	at org.springframework.web.servlet.FrameworkServlet.doGet(FrameworkServlet.java:898)
	at javax.servlet.http.HttpServlet.service(HttpServlet.java:529)
	at org.springframework.web.servlet.FrameworkServlet.service(FrameworkServlet.java:883)
	at javax.servlet.http.HttpServlet.service(HttpServlet.java:623)
	at org.apache.catalina.core.ApplicationFilterChain.internalDoFilter(ApplicationFilterChain.java:209)
	at org.apache.catalina.core.ApplicationFilterChain.doFilter(ApplicationFilterChain.java:153)
	at org.apache.tomcat.websocket.server.WsFilter.doFilter(WsFilter.java:51)
	at org.apache.catalina.core.ApplicationFilterChain.internalDoFilter(ApplicationFilterChain.java:178)
	at org.apache.catalina.core.ApplicationFilterChain.doFilter(ApplicationFilterChain.java:153)
	at org.springframework.web.filter.RequestContextFilter.doFilterInternal(RequestContextFilter.java:100)
	at org.springframework.web.filter.OncePerRequestFilter.doFilter(OncePerRequestFilter.java:117)
	at org.apache.catalina.core.ApplicationFilterChain.internalDoFilter(ApplicationFilterChain.java:178)
	at org.apache.catalina.core.ApplicationFilterChain.doFilter(ApplicationFilterChain.java:153)
	at org.springframework.web.filter.FormContentFilter.doFilterInternal(FormContentFilter.java:93)
	at org.springframework.web.filter.OncePerRequestFilter.doFilter(OncePerRequestFilter.java:117)
	at org.apache.catalina.core.ApplicationFilterChain.internalDoFilter(ApplicationFilterChain.java:178)
	at org.apache.catalina.core.ApplicationFilterChain.doFilter(ApplicationFilterChain.java:153)
	at org.springframework.web.filter.CharacterEncodingFilter.doFilterInternal(CharacterEncodingFilter.java:201)
	at org.springframework.web.filter.OncePerRequestFilter.doFilter(OncePerRequestFilter.java:117)
	at org.apache.catalina.core.ApplicationFilterChain.internalDoFilter(ApplicationFilterChain.java:178)
	at org.apache.catalina.core.ApplicationFilterChain.doFilter(ApplicationFilterChain.java:153)
	at org.apache.catalina.core.StandardWrapperValve.invoke(StandardWrapperValve.java:168)
	at org.apache.catalina.core.StandardContextValve.invoke(StandardContextValve.java:90)
	at org.apache.catalina.authenticator.AuthenticatorBase.invoke(AuthenticatorBase.java:481)
	at org.apache.catalina.core.StandardHostValve.invoke(StandardHostValve.java:130)
	at org.apache.catalina.valves.ErrorReportValve.invoke(ErrorReportValve.java:93)
	at org.apache.catalina.core.StandardEngineValve.invoke(StandardEngineValve.java:74)
	at org.apache.catalina.connector.CoyoteAdapter.service(CoyoteAdapter.java:342)
	at org.apache.coyote.http11.Http11Processor.service(Http11Processor.java:390)
	at org.apache.coyote.AbstractProcessorLight.process(AbstractProcessorLight.java:63)
	at org.apache.coyote.AbstractProtocol$ConnectionHandler.process(AbstractProtocol.java:928)
	at org.apache.tomcat.util.net.NioEndpoint$SocketProcessor.doRun(NioEndpoint.java:1794)
	at org.apache.tomcat.util.net.SocketProcessorBase.run(SocketProcessorBase.java:52)
	at org.apache.tomcat.util.threads.ThreadPoolExecutor.runWorker(ThreadPoolExecutor.java:1191)
	at org.apache.tomcat.util.threads.ThreadPoolExecutor$Worker.run(ThreadPoolExecutor.java:659)
	at org.apache.tomcat.util.threads.TaskThread$WrappingRunnable.run(TaskThread.java:61)
	at java.lang.Thread.run(Thread.java:748)
2025-09-01 10:36:49.666 [restartedMain] INFO  o.s.boot.StartupInfoLogger logStarting - Starting SiyubaoApplication using Java 1.8.0_281 on meizhiwendeMacBook-Pro.local with PID 9391 (/Users/meizhiwen/dev/siyubao/target/classes started by meizhiwen in /Users/meizhiwen/dev/siyubao)
2025-09-01 10:36:49.667 [restartedMain] INFO  o.s.boot.SpringApplication logStartupProfileInfo - No active profile set, falling back to 1 default profile: "default"
2025-09-01 10:36:49.723 [restartedMain] INFO  o.s.boot.logging.DeferredLog logTo - Devtools property defaults active! Set 'spring.devtools.add-properties' to 'false' to disable
2025-09-01 10:36:49.723 [restartedMain] INFO  o.s.boot.logging.DeferredLog logTo - For additional web related logging consider setting the 'logging.level.web' property to 'DEBUG'
2025-09-01 10:36:50.961 [restartedMain] INFO  o.s.b.w.e.tomcat.TomcatWebServer initialize - Tomcat initialized with port(s): 8080 (http)
2025-09-01 10:36:50.968 [restartedMain] INFO  org.apache.juli.logging.DirectJDKLog log - Initializing ProtocolHandler ["http-nio-8080"]
2025-09-01 10:36:50.969 [restartedMain] INFO  org.apache.juli.logging.DirectJDKLog log - Starting service [Tomcat]
2025-09-01 10:36:50.970 [restartedMain] INFO  org.apache.juli.logging.DirectJDKLog log - Starting Servlet engine: [Apache Tomcat/9.0.83]
2025-09-01 10:36:51.018 [restartedMain] INFO  org.apache.juli.logging.DirectJDKLog log - Initializing Spring embedded WebApplicationContext
2025-09-01 10:36:51.018 [restartedMain] INFO  o.s.b.w.s.c.ServletWebServerApplicationContext prepareWebApplicationContext - Root WebApplicationContext: initialization completed in 1294 ms
2025-09-01 10:36:52.009 [restartedMain] INFO  o.s.b.d.a.OptionalLiveReloadServer startServer - LiveReload server is running on port 35729
2025-09-01 10:36:52.030 [restartedMain] INFO  org.apache.juli.logging.DirectJDKLog log - Starting ProtocolHandler ["http-nio-8080"]
2025-09-01 10:36:52.045 [restartedMain] INFO  o.s.b.w.e.tomcat.TomcatWebServer start - Tomcat started on port(s): 8080 (http) with context path ''
2025-09-01 10:36:52.062 [restartedMain] INFO  o.s.boot.StartupInfoLogger logStarted - Started SiyubaoApplication in 3.02 seconds (JVM running for 3.792)
2025-09-01 10:36:56.944 [http-nio-8080-exec-1] INFO  org.apache.juli.logging.DirectJDKLog log - Initializing Spring DispatcherServlet 'dispatcherServlet'
2025-09-01 10:36:56.945 [http-nio-8080-exec-1] INFO  o.s.web.servlet.FrameworkServlet initServletBean - Initializing Servlet 'dispatcherServlet'
2025-09-01 10:36:56.946 [http-nio-8080-exec-1] INFO  o.s.web.servlet.FrameworkServlet initServletBean - Completed initialization in 1 ms
2025-09-01 10:36:57.017 [http-nio-8080-exec-1] INFO  c.l.s.c.DySxChatGenerateController gen - 线路:scxhs||用户名称:小红书森林微风||用户头像:./avatar/avatar_4648.jpg||聊天内容:[{"contentType":1,"dateTimeStr":"10:35","msg":"您好，计划玩几天，几个朋友过来四川游玩扇鹼我根据你的需求帮您免费令做一个详细的规划。","msgType":2,"userName":"小红书森林微风"},{"contentType":1,"dateTimeStr":"10:35","msg":"5天","msgType":1,"userName":"小红书森林微风"},{"contentType":1,"dateTimeStr":"10:35","msg":"亲，平台有限制，会封私信的，方便留个薇·，咱们的小管家+你，给你发行程线路+酒店环境+报价清单你先参考-","msgType":2,"userName":"小红书森林微风"},{"contentType":1,"dateTimeStr":"10:35","msg":"2人","msgType":1,"userName":"小红书森林微风"},{"contentType":1,"dateTimeStr":"10:35","msg":"辛苦您留个联系方式，我加您给您发详细的行程文档 吃住行都一清二楚哦","msgType":2,"userName":"小红书森林微风"},{"contentType":1,"dateTimeStr":"10:35","msg":"13366152368","msgType":1,"userName":"小红书森林微风"},{"contentType":1,"dateTimeStr":"10:35","msg":"好的，马上安排专属管家添加您一会儿您记得通过一下我哦","msgType":2,"userName":"小红书森林微风"}]
2025-09-01 10:36:57.020 [http-nio-8080-exec-1] INFO  c.l.s.c.DySxChatGenerateController gen - ==================================#########################===========================================
2025-09-01 10:43:07.236 [restartedMain] INFO  o.s.boot.StartupInfoLogger logStarting - Starting SiyubaoApplication using Java 1.8.0_281 on meizhiwendeMacBook-Pro.local with PID 9455 (/Users/meizhiwen/dev/siyubao/target/classes started by meizhiwen in /Users/meizhiwen/dev/siyubao)
2025-09-01 10:43:07.238 [restartedMain] INFO  o.s.boot.SpringApplication logStartupProfileInfo - No active profile set, falling back to 1 default profile: "default"
2025-09-01 10:43:07.318 [restartedMain] INFO  o.s.boot.logging.DeferredLog logTo - Devtools property defaults active! Set 'spring.devtools.add-properties' to 'false' to disable
2025-09-01 10:43:07.318 [restartedMain] INFO  o.s.boot.logging.DeferredLog logTo - For additional web related logging consider setting the 'logging.level.web' property to 'DEBUG'
2025-09-01 10:43:08.308 [restartedMain] INFO  o.s.b.w.e.tomcat.TomcatWebServer initialize - Tomcat initialized with port(s): 8080 (http)
2025-09-01 10:43:08.315 [restartedMain] INFO  org.apache.juli.logging.DirectJDKLog log - Initializing ProtocolHandler ["http-nio-8080"]
2025-09-01 10:43:08.316 [restartedMain] INFO  org.apache.juli.logging.DirectJDKLog log - Starting service [Tomcat]
2025-09-01 10:43:08.316 [restartedMain] INFO  org.apache.juli.logging.DirectJDKLog log - Starting Servlet engine: [Apache Tomcat/9.0.83]
2025-09-01 10:43:08.362 [restartedMain] INFO  org.apache.juli.logging.DirectJDKLog log - Initializing Spring embedded WebApplicationContext
2025-09-01 10:43:08.363 [restartedMain] INFO  o.s.b.w.s.c.ServletWebServerApplicationContext prepareWebApplicationContext - Root WebApplicationContext: initialization completed in 1044 ms
2025-09-01 10:43:09.508 [restartedMain] INFO  o.s.b.d.a.OptionalLiveReloadServer startServer - LiveReload server is running on port 35729
2025-09-01 10:43:09.528 [restartedMain] INFO  org.apache.juli.logging.DirectJDKLog log - Starting ProtocolHandler ["http-nio-8080"]
2025-09-01 10:43:09.542 [restartedMain] INFO  o.s.b.w.e.tomcat.TomcatWebServer start - Tomcat started on port(s): 8080 (http) with context path ''
2025-09-01 10:43:09.556 [restartedMain] INFO  o.s.boot.StartupInfoLogger logStarted - Started SiyubaoApplication in 2.804 seconds (JVM running for 3.51)
2025-09-01 10:43:16.948 [http-nio-8080-exec-1] INFO  org.apache.juli.logging.DirectJDKLog log - Initializing Spring DispatcherServlet 'dispatcherServlet'
2025-09-01 10:43:16.949 [http-nio-8080-exec-1] INFO  o.s.web.servlet.FrameworkServlet initServletBean - Initializing Servlet 'dispatcherServlet'
2025-09-01 10:43:16.951 [http-nio-8080-exec-1] INFO  o.s.web.servlet.FrameworkServlet initServletBean - Completed initialization in 2 ms
2025-09-01 10:43:17.053 [http-nio-8080-exec-1] INFO  c.l.s.c.DySxChatGenerateController gen - 线路:yn||用户名称:云南毕老爷||用户头像:./avatar/avatar_12018.jpg||聊天内容:[{"contentType":1,"dateTimeStr":"10:42","msg":"怎么玩","msgType":1,"userName":"云南毕老爷"},{"contentType":1,"dateTimeStr":"10:42","msg":"7天一共多少钱","msgType":1,"userName":"云南毕老爷"},{"contentType":1,"dateTimeStr":"10:42","msg":"亲，您这边留个联系方式，我们管家给您做详细介绍","msgType":2,"userName":"云南毕老爷"},{"contentType":1,"dateTimeStr":"10:42","msg":"13608850472","msgType":1,"userName":"云南毕老爷"},{"contentType":1,"dateTimeStr":"10:42","msg":"好的，马上安排专属管家添加您一会儿您记得通过一下我哦","msgType":2,"userName":"云南毕老爷"}]
2025-09-01 10:43:17.055 [http-nio-8080-exec-1] INFO  c.l.s.c.DySxChatGenerateController gen - ==================================#########################===========================================
2025-09-01 10:49:57.528 [http-nio-8080-exec-4] INFO  c.l.s.c.DySxChatGenerateController gen - 线路:sc||用户名称:无比小嫩||用户头像:./avatar/avatar_9570.jpg||聊天内容:[{"contentType":1,"dateTimeStr":"10:48","msg":"您是计划九月下旬出行是吧","msgType":2,"userName":"无比小嫩"},{"contentType":1,"dateTimeStr":"10:48","msg":"是的","msgType":1,"userName":"无比小嫩"},{"contentType":1,"dateTimeStr":"10:48","msg":"几位呢","msgType":2,"userName":"无比小嫩"},{"contentType":1,"dateTimeStr":"10:48","msg":"两大一小","msgType":1,"userName":"无比小嫩"},{"contentType":1,"dateTimeStr":"10:48","msg":"您留个薇，我这边给你发一下我们行程报价，你对比参考一下","msgType":2,"userName":"无比小嫩"},{"contentType":1,"dateTimeStr":"10:48","msg":"wubixiaonen","msgType":1,"userName":"无比小嫩"},{"contentType":1,"dateTimeStr":"10:48","msg":"好的，马上安排专属管家添加您一会儿您记得通过一下我哦","msgType":2,"userName":"无比小嫩"}]
2025-09-01 10:49:57.532 [http-nio-8080-exec-4] INFO  c.l.s.c.DySxChatGenerateController gen - ==================================#########################===========================================
2025-09-01 11:03:41.461 [http-nio-8080-exec-2] INFO  c.l.s.c.DySxChatGenerateController gen - 线路:sc2||用户名称:辉龙||用户头像:./avatar/avatar_2832.jpg||聊天内容:[{"contentType":1,"dateTimeStr":"11:02","msg":"九寨沟成都，","msgType":1,"userName":"辉龙"},{"contentType":1,"dateTimeStr":"11:02","msg":"2个人","msgType":1,"userName":"辉龙"},{"contentType":1,"dateTimeStr":"11:02","msg":"好的呢，什么时候出行，，一共几大几小，都让我了解一下，我才好跟您做-个详细行程规划及报价[玫瑰]","msgType":2,"userName":"辉龙"},{"contentType":1,"dateTimeStr":"11:02","msg":"两个大人","msgType":1,"userName":"辉龙"},{"contentType":1,"dateTimeStr":"11:02","msg":"平台有限制，会封私信的，方便留亲，个薇·，咱们的小管家+你，给你发行程线路+酒店环境+报价清单你先参考","msgType":1,"userName":"辉龙"},{"contentType":1,"dateTimeStr":"11:02","msg":"13762467777","msgType":1,"userName":"辉龙"},{"contentType":1,"dateTimeStr":"11:02","msg":"好的，马上安排专属管家添加您一会儿您记得通过一下我哦","msgType":2,"userName":"辉龙"}]
2025-09-01 11:03:41.464 [http-nio-8080-exec-2] INFO  c.l.s.c.DySxChatGenerateController gen - ==================================#########################===========================================
2025-09-01 11:03:46.165 [http-nio-8080-exec-10] INFO  c.l.s.c.DySxChatGenerateController gen - 线路:sc2||用户名称:辉龙||用户头像:./avatar/avatar_11774.jpg||聊天内容:[{"contentType":1,"dateTimeStr":"11:02","msg":"九寨沟成都，","msgType":1,"userName":"辉龙"},{"contentType":1,"dateTimeStr":"11:02","msg":"2个人","msgType":1,"userName":"辉龙"},{"contentType":1,"dateTimeStr":"11:02","msg":"好的呢，什么时候出行，，一共几大几小，都让我了解一下，我才好跟您做-个详细行程规划及报价[玫瑰]","msgType":2,"userName":"辉龙"},{"contentType":1,"dateTimeStr":"11:02","msg":"两个大人","msgType":1,"userName":"辉龙"},{"contentType":1,"dateTimeStr":"11:02","msg":"平台有限制，会封私信的，方便留亲，个薇·，咱们的小管家+你，给你发行程线路+酒店环境+报价清单你先参考","msgType":2,"userName":"辉龙"},{"contentType":1,"dateTimeStr":"11:02","msg":"13762467777","msgType":1,"userName":"辉龙"},{"contentType":1,"dateTimeStr":"11:02","msg":"好的，马上安排专属管家添加您一会儿您记得通过一下我哦","msgType":2,"userName":"辉龙"}]
2025-09-01 11:03:46.167 [http-nio-8080-exec-10] INFO  c.l.s.c.DySxChatGenerateController gen - ==================================#########################===========================================
2025-09-01 11:18:39.666 [http-nio-8080-exec-2] INFO  c.l.s.c.DySxChatGenerateController gen - 线路:sc2||用户名称:瑶瑶||用户头像:./avatar/avatar_17832.jpg||聊天内容:[{"contentType":1,"dateTimeStr":"11:17","msg":"1大1小","msgType":1,"userName":"瑶瑶"},{"contentType":1,"dateTimeStr":"11:17","msg":"好的亲 大概什么时候出行呢","msgType":2,"userName":"瑶瑶"},{"contentType":1,"dateTimeStr":"11:17","msg":"计划4天","msgType":1,"userName":"瑶瑶"},{"contentType":1,"dateTimeStr":"11:17","msg":"月中","msgType":1,"userName":"瑶瑶"},{"contentType":1,"dateTimeStr":"11:17","msg":"亲，平台有限制，会封私信的，方便留个薇·，咱们的小管家+你，给你发行程线路+酒店环境+报价清单你先参考-","msgType":2,"userName":"瑶瑶"},{"contentType":1,"dateTimeStr":"11:17","msg":"44698","msgType":1,"userName":"瑶瑶"},{"contentType":1,"dateTimeStr":"11:17","msg":"4898","msgType":1,"userName":"瑶瑶"},{"contentType":1,"dateTimeStr":"11:17","msg":"您发完整的亲","msgType":2,"userName":"瑶瑶"},{"contentType":1,"dateTimeStr":"11:17","msg":"446984898","msgType":1,"userName":"瑶瑶"},{"contentType":1,"dateTimeStr":"11:17","msg":"好的，马上安排专属管家添加您一会儿您记得通过一下我哦","msgType":2,"userName":"瑶瑶"}]
2025-09-01 11:18:39.671 [http-nio-8080-exec-2] INFO  c.l.s.c.DySxChatGenerateController gen - ==================================#########################===========================================
2025-09-01 11:26:10.033 [http-nio-8080-exec-4] INFO  c.l.s.c.DySxChatGenerateController gen - 线路:sc2||用户名称:用户14961917||用户头像:./avatar/avatar_4504.jpg||聊天内容:[{"contentType":1,"dateTimeStr":"11:25","msg":"您好，计划玩几天，几个朋友过来四川游玩圌我根据你的需求帮您免费令做一个详细鯽来的规划。","msgType":2,"userName":"用户14961917"},{"contentType":1,"dateTimeStr":"11:25","msg":"你好，2人，计划十一节后去，大概多少钱?谢谢!","msgType":1,"userName":"用户14961917"},{"contentType":1,"dateTimeStr":"11:25","msg":"好的亲","msgType":2,"userName":"用户14961917"},{"contentType":1,"dateTimeStr":"11:25","msg":"亲，平台有限制，会封私信的，方便留个薇·，咱们的小管家+你，给你发行程线路+酒店环境+报价清单你先参考-","msgType":2,"userName":"用户14961917"},{"contentType":1,"dateTimeStr":"11:25","msg":"15242398985电微同号","msgType":1,"userName":"用户14961917"},{"contentType":1,"dateTimeStr":"11:25","msg":"好的，马上安排专属管家添加您一会儿您记得通过一下我哦","msgType":2,"userName":"用户14961917"}]
2025-09-01 11:26:10.036 [http-nio-8080-exec-4] INFO  c.l.s.c.DySxChatGenerateController gen - ==================================#########################===========================================
2025-09-01 11:26:11.669 [http-nio-8080-exec-8] INFO  c.l.s.c.DySxChatGenerateController gen - 线路:sc2||用户名称:用户14961917||用户头像:./avatar/avatar_455.jpg||聊天内容:[{"contentType":1,"dateTimeStr":"11:25","msg":"您好，计划玩几天，几个朋友过来四川游玩圌我根据你的需求帮您免费令做一个详细鯽来的规划。","msgType":2,"userName":"用户14961917"},{"contentType":1,"dateTimeStr":"11:25","msg":"你好，2人，计划十一节后去，大概多少钱?谢谢!","msgType":1,"userName":"用户14961917"},{"contentType":1,"dateTimeStr":"11:25","msg":"好的亲","msgType":2,"userName":"用户14961917"},{"contentType":1,"dateTimeStr":"11:25","msg":"亲，平台有限制，会封私信的，方便留个薇·，咱们的小管家+你，给你发行程线路+酒店环境+报价清单你先参考-","msgType":2,"userName":"用户14961917"},{"contentType":1,"dateTimeStr":"11:25","msg":"15242398985电微同号","msgType":1,"userName":"用户14961917"},{"contentType":1,"dateTimeStr":"11:25","msg":"好的，马上安排专属管家添加您一会儿您记得通过一下我哦","msgType":2,"userName":"用户14961917"}]
2025-09-01 11:26:11.669 [http-nio-8080-exec-8] INFO  c.l.s.c.DySxChatGenerateController gen - ==================================#########################===========================================
2025-09-01 11:40:43.436 [http-nio-8080-exec-1] INFO  c.l.s.c.DySxChatGenerateController gen - 线路:sc2||用户名称:凯悦||用户头像:./avatar/avatar_10238.jpg||聊天内容:[{"contentType":1,"dateTimeStr":"11:39","msg":"好的呢，什么时候出行一共几大几小，都让我了解一下，我才好跟您做-个详细行程规划及报价[玫瑰]","msgType":1,"userName":"凯悦"},{"contentType":1,"dateTimeStr":"11:39","msg":"三大一小","msgType":1,"userName":"凯悦"},{"contentType":1,"dateTimeStr":"11:39","msg":"亲，平台有限制，会封私信的，方便留个薇心，咱们的小管家+你，给你发行程线路+酒店环境+报价清单你先参考:","msgType":2,"userName":"凯悦"},{"contentType":1,"dateTimeStr":"11:39","msg":"10月15日","msgType":1,"userName":"凯悦"},{"contentType":1,"dateTimeStr":"11:39","msg":"辛苦您留个联系方式，我加您给您发详细的行程文档 吃住行都一清二楚哦","msgType":2,"userName":"凯悦"},{"contentType":1,"dateTimeStr":"11:39","msg":"13624055679","msgType":1,"userName":"凯悦"},{"contentType":1,"dateTimeStr":"11:39","msg":"好的，马上安排专属管家添加您一会儿您记得通过一下我哦","msgType":2,"userName":"凯悦"}]
2025-09-01 11:40:43.438 [http-nio-8080-exec-1] INFO  c.l.s.c.DySxChatGenerateController gen - ==================================#########################===========================================
2025-09-01 11:40:44.648 [http-nio-8080-exec-1] INFO  c.l.s.c.DySxChatGenerateController gen - 线路:sc2||用户名称:凯悦||用户头像:./avatar/avatar_1048.jpg||聊天内容:[{"contentType":1,"dateTimeStr":"11:39","msg":"好的呢，什么时候出行一共几大几小，都让我了解一下，我才好跟您做-个详细行程规划及报价[玫瑰]","msgType":1,"userName":"凯悦"},{"contentType":1,"dateTimeStr":"11:39","msg":"三大一小","msgType":1,"userName":"凯悦"},{"contentType":1,"dateTimeStr":"11:39","msg":"亲，平台有限制，会封私信的，方便留个薇心，咱们的小管家+你，给你发行程线路+酒店环境+报价清单你先参考:","msgType":2,"userName":"凯悦"},{"contentType":1,"dateTimeStr":"11:39","msg":"10月15日","msgType":1,"userName":"凯悦"},{"contentType":1,"dateTimeStr":"11:39","msg":"辛苦您留个联系方式，我加您给您发详细的行程文档 吃住行都一清二楚哦","msgType":2,"userName":"凯悦"},{"contentType":1,"dateTimeStr":"11:39","msg":"13624055679","msgType":1,"userName":"凯悦"},{"contentType":1,"dateTimeStr":"11:39","msg":"好的，马上安排专属管家添加您一会儿您记得通过一下我哦","msgType":2,"userName":"凯悦"}]
2025-09-01 11:40:44.649 [http-nio-8080-exec-1] INFO  c.l.s.c.DySxChatGenerateController gen - ==================================#########################===========================================
2025-09-01 11:40:55.524 [http-nio-8080-exec-10] INFO  c.l.s.c.DySxChatGenerateController gen - 线路:sc2||用户名称:凯悦||用户头像:./avatar/avatar_8134.jpg||聊天内容:[{"contentType":1,"dateTimeStr":"11:39","msg":"好的呢，什么时候出行一共几大几小，都让我了解一下，我才好跟您做-个详细行程规划及报价[玫瑰]","msgType":2,"userName":"凯悦"},{"contentType":1,"dateTimeStr":"11:39","msg":"三大一小","msgType":1,"userName":"凯悦"},{"contentType":1,"dateTimeStr":"11:39","msg":"亲，平台有限制，会封私信的，方便留个薇心，咱们的小管家+你，给你发行程线路+酒店环境+报价清单你先参考:","msgType":2,"userName":"凯悦"},{"contentType":1,"dateTimeStr":"11:39","msg":"10月15日","msgType":1,"userName":"凯悦"},{"contentType":1,"dateTimeStr":"11:39","msg":"辛苦您留个联系方式，我加您给您发详细的行程文档 吃住行都一清二楚哦","msgType":2,"userName":"凯悦"},{"contentType":1,"dateTimeStr":"11:39","msg":"13624055679","msgType":1,"userName":"凯悦"},{"contentType":1,"dateTimeStr":"11:39","msg":"好的，马上安排专属管家添加您一会儿您记得通过一下我哦","msgType":2,"userName":"凯悦"}]
2025-09-01 11:40:55.526 [http-nio-8080-exec-10] INFO  c.l.s.c.DySxChatGenerateController gen - ==================================#########################===========================================
2025-09-01 11:42:30.234 [http-nio-8080-exec-3] INFO  c.l.s.c.DySxChatGenerateController gen - 线路:sc2||用户名称:乐居山水||用户头像:./avatar/avatar_1279.jpg||聊天内容:[{"contentType":1,"dateTimeStr":"11:41","msg":"您好，计划玩几天，几个朋友过来四川","msgType":2,"userName":"乐居山水"},{"contentType":1,"dateTimeStr":"11:41","msg":"2人，5天","msgType":1,"userName":"乐居山水"},{"contentType":1,"dateTimeStr":"11:41","msg":"好的亲","msgType":2,"userName":"乐居山水"},{"contentType":1,"dateTimeStr":"11:41","msg":"多少钱?","msgType":1,"userName":"乐居山水"},{"contentType":1,"dateTimeStr":"11:41","msg":"亲，平台有限制，会封私信的，方便留个薇·，咱们的小管家+你，给你发行程线路+酒店环境+报价清单你先参考-","msgType":2,"userName":"乐居山水"},{"contentType":1,"dateTimeStr":"11:41","msg":"13941976632","msgType":1,"userName":"乐居山水"},{"contentType":1,"dateTimeStr":"11:41","msg":"好的，马上安排专属管家添加您一会儿您记得通过一下我哦","msgType":2,"userName":"乐居山水"}]
2025-09-01 11:42:30.236 [http-nio-8080-exec-3] INFO  c.l.s.c.DySxChatGenerateController gen - ==================================#########################===========================================
2025-09-01 11:42:31.425 [http-nio-8080-exec-6] INFO  c.l.s.c.DySxChatGenerateController gen - 线路:sc2||用户名称:乐居山水||用户头像:./avatar/avatar_1048.jpg||聊天内容:[{"contentType":1,"dateTimeStr":"11:41","msg":"您好，计划玩几天，几个朋友过来四川","msgType":2,"userName":"乐居山水"},{"contentType":1,"dateTimeStr":"11:41","msg":"2人，5天","msgType":1,"userName":"乐居山水"},{"contentType":1,"dateTimeStr":"11:41","msg":"好的亲","msgType":2,"userName":"乐居山水"},{"contentType":1,"dateTimeStr":"11:41","msg":"多少钱?","msgType":1,"userName":"乐居山水"},{"contentType":1,"dateTimeStr":"11:41","msg":"亲，平台有限制，会封私信的，方便留个薇·，咱们的小管家+你，给你发行程线路+酒店环境+报价清单你先参考-","msgType":2,"userName":"乐居山水"},{"contentType":1,"dateTimeStr":"11:41","msg":"13941976632","msgType":1,"userName":"乐居山水"},{"contentType":1,"dateTimeStr":"11:41","msg":"好的，马上安排专属管家添加您一会儿您记得通过一下我哦","msgType":2,"userName":"乐居山水"}]
2025-09-01 11:42:31.429 [http-nio-8080-exec-6] INFO  c.l.s.c.DySxChatGenerateController gen - ==================================#########################===========================================
2025-09-01 11:43:39.353 [http-nio-8080-exec-7] INFO  c.l.s.c.DySxChatGenerateController gen - 线路:sc2||用户名称:、Z||用户头像:./avatar/avatar_19270.jpg||聊天内容:[{"contentType":1,"dateTimeStr":"11:42","msg":"您好，计划玩几天，几个朋友过来四川游玩侖圇我根据你的需求帮您免费令做一个详细的规划。","msgType":2,"userName":"、Z"},{"contentType":1,"dateTimeStr":"11:42","msg":"17545040888","msgType":1,"userName":"、Z"},{"contentType":1,"dateTimeStr":"11:42","msg":"好的呢，什么时候出行，-共几大几，我才好跟您做小，都让我了解一下，个详细行程规划及报价[玫瑰]","msgType":2,"userName":"、Z"},{"contentType":1,"dateTimeStr":"11:42","msg":"十一 2人","msgType":1,"userName":"、Z"},{"contentType":1,"dateTimeStr":"11:42","msg":"两个大人","msgType":1,"userName":"、Z"},{"contentType":1,"dateTimeStr":"11:42","msg":"好的，马上安排专属管家添加您一会儿您记得通过一下我哦","msgType":2,"userName":"、Z"}]
2025-09-01 11:43:39.355 [http-nio-8080-exec-7] INFO  c.l.s.c.DySxChatGenerateController gen - ==================================#########################===========================================
2025-09-01 11:45:38.126 [http-nio-8080-exec-7] INFO  c.l.s.c.DySxChatGenerateController gen - 线路:sc2||用户名称:宁王平安||用户头像:./avatar/avatar_17302.jpg||聊天内容:[{"contentType":1,"dateTimeStr":"11:44","msg":"您好，您这边计划什么时候来游玩，一行几人呢","msgType":2,"userName":"宁王平安"},{"contentType":1,"dateTimeStr":"11:44","msg":"大约10月中下旬吧","msgType":1,"userName":"宁王平安"},{"contentType":1,"dateTimeStr":"11:44","msg":"4个人","msgType":1,"userName":"宁王平安"},{"contentType":1,"dateTimeStr":"11:44","msg":"您发下我加您","msgType":1,"userName":"宁王平安"},{"contentType":1,"dateTimeStr":"11:44","msg":"好的。您加下我","msgType":2,"userName":"宁王平安"},{"contentType":1,"dateTimeStr":"11:44","msg":"17765491489，这个您可以看见吗","msgType":2,"userName":"宁王平安"},{"contentType":1,"dateTimeStr":"11:44","msg":"可以","msgType":1,"userName":"宁王平安"},{"contentType":1,"dateTimeStr":"11:44","msg":"好的，马上安排专属管家添加您一会儿您记得通过一下我哦","msgType":2,"userName":"宁王平安"}]
2025-09-01 11:45:38.129 [http-nio-8080-exec-7] INFO  c.l.s.c.DySxChatGenerateController gen - ==================================#########################===========================================
2025-09-01 11:47:14.729 [http-nio-8080-exec-7] INFO  c.l.s.c.DySxChatGenerateController gen - 线路:sc2||用户名称:半夏(互)||用户头像:./avatar/avatar_7816.jpg||聊天内容:[{"contentType":1,"dateTimeStr":"11:46","msg":"您好，计划玩几天，几个朋友过来四川游玩圌我根据你的需求帮您免费令做一个详细Â看的规划。","msgType":2,"userName":"半夏(互)"},{"contentType":1,"dateTimeStr":"11:46","msg":"成都七日游呀","msgType":1,"userName":"半夏(互)"},{"contentType":1,"dateTimeStr":"11:46","msg":"四个朋友","msgType":1,"userName":"半夏(互)"},{"contentType":1,"dateTimeStr":"11:46","msg":"好的亲","msgType":2,"userName":"半夏(互)"},{"contentType":1,"dateTimeStr":"11:46","msg":"大概什么时候出行呢","msgType":2,"userName":"半夏(互)"},{"contentType":1,"dateTimeStr":"11:46","msg":"八号出发","msgType":1,"userName":"半夏(互)"},{"contentType":1,"dateTimeStr":"11:46","msg":"亲，平台有限制，会封私信的，方便留个薇·，咱们的小管家+你，给你发行程线路+酒店环境+报价清单你先参考-","msgType":2,"userName":"半夏(互)"},{"contentType":1,"dateTimeStr":"11:46","msg":"13998578183","msgType":1,"userName":"半夏(互)"},{"contentType":1,"dateTimeStr":"11:46","msg":"好的，马上安排专属管家添加您一会儿您记得通过一下我哦","msgType":2,"userName":"半夏(互)"}]
2025-09-01 11:47:14.731 [http-nio-8080-exec-7] INFO  c.l.s.c.DySxChatGenerateController gen - ==================================#########################===========================================
2025-09-01 11:50:26.916 [http-nio-8080-exec-6] INFO  c.l.s.c.DySxChatGenerateController gen - 线路:sc2||用户名称:健康快乐||用户头像:./avatar/avatar_10710.jpg||聊天内容:[{"contentType":1,"dateTimeStr":"11:49","msg":"大概什么时候出行呢","msgType":2,"userName":"健康快乐"},{"contentType":1,"dateTimeStr":"11:49","msg":"下个月10号","msgType":1,"userName":"健康快乐"},{"contentType":1,"dateTimeStr":"11:49","msg":"好的","msgType":2,"userName":"健康快乐"},{"contentType":1,"dateTimeStr":"11:49","msg":"辛苦您留个联系方式，:我加您给您发详细的行程文档，吃住行都一清二楚哦","msgType":2,"userName":"健康快乐"},{"contentType":1,"dateTimeStr":"11:49","msg":"18510904230","msgType":1,"userName":"健康快乐"},{"contentType":1,"dateTimeStr":"11:49","msg":"好的，马上安排专属管家添加您一会儿您记得通过一下我哦","msgType":2,"userName":"健康快乐"}]
2025-09-01 11:50:26.918 [http-nio-8080-exec-6] INFO  c.l.s.c.DySxChatGenerateController gen - ==================================#########################===========================================
2025-09-01 11:58:38.942 [http-nio-8080-exec-8] INFO  c.l.s.c.DySxChatGenerateController gen - 线路:sc2||用户名称:于情余李||用户头像:./avatar/avatar_6400.jpg||聊天内容:[{"contentType":1,"dateTimeStr":"11:57","msg":"您好，计划玩几天，几个朋友过来四川游玩我根据你的需求帮您免费令做一个详细的规划。","msgType":2,"userName":"于情余李"},{"contentType":1,"dateTimeStr":"11:57","msg":"十月中旬六个人","msgType":1,"userName":"于情余李"},{"contentType":1,"dateTimeStr":"11:57","msg":"好的亲","msgType":2,"userName":"于情余李"},{"contentType":1,"dateTimeStr":"11:57","msg":"亲，平台有限制，会封私信的，方便留个薇·，咱们的小管家+你，给你发行程线路+酒店环境+报价清单你先参考一","msgType":2,"userName":"于情余李"},{"contentType":1,"dateTimeStr":"11:57","msg":"Run52105","msgType":1,"userName":"于情余李"},{"contentType":1,"dateTimeStr":"11:57","msg":"好的，马上安排专属管家添加您一会儿您记得通过一下我哦","msgType":2,"userName":"于情余李"}]
2025-09-01 11:58:38.945 [http-nio-8080-exec-8] INFO  c.l.s.c.DySxChatGenerateController gen - ==================================#########################===========================================
2025-09-01 12:00:08.749 [http-nio-8080-exec-5] INFO  c.l.s.c.DySxChatGenerateController gen - 线路:sc2||用户名称:木木||用户头像:./avatar/avatar_8959.jpg||聊天内容:[{"contentType":1,"dateTimeStr":"11:59","msg":"你好，计划玩几天，几个朋友过来四川癟道容玩我根据你的需求帮您免费令做一个详细鬃的规划。","msgType":2,"userName":"木木"},{"contentType":1,"dateTimeStr":"11:59","msg":"9月21那周俩人一周时间有什么推荐路线，大概多钱","msgType":1,"userName":"木木"},{"contentType":1,"dateTimeStr":"11:59","msg":"好的亲","msgType":2,"userName":"木木"},{"contentType":1,"dateTimeStr":"11:59","msg":"亲，平台有限制，会封私信的，方便留个薇·，咱们的小管家+你，给你发行程线路+酒店环境+报价清单你先参考一","msgType":2,"userName":"木木"},{"contentType":1,"dateTimeStr":"11:59","msg":"18640842138","msgType":1,"userName":"木木"},{"contentType":1,"dateTimeStr":"11:59","msg":"好的，马上安排专属管家添加您一会儿您记得通过一下我哦","msgType":2,"userName":"木木"}]
2025-09-01 12:00:08.751 [http-nio-8080-exec-5] INFO  c.l.s.c.DySxChatGenerateController gen - ==================================#########################===========================================
2025-09-01 12:06:06.351 [http-nio-8080-exec-1] INFO  c.l.s.c.DySxChatGenerateController gen - 线路:sc2||用户名称:归于平淡||用户头像:./avatar/avatar_4527.jpg||聊天内容:[{"contentType":1,"dateTimeStr":"12:05","msg":"好的呢，什么时候出行，一共几大几小，都让我了解一下，我才好跟您做一个详细行程规划及报价","msgType":2,"userName":"归于平淡"},{"contentType":1,"dateTimeStr":"12:05","msg":"两人","msgType":1,"userName":"归于平淡"},{"contentType":1,"dateTimeStr":"12:05","msg":"好的亲","msgType":2,"userName":"归于平淡"},{"contentType":1,"dateTimeStr":"12:05","msg":"亲，平台有限制，会封私信的，方便留个薇·，咱们的小管家+你，给你发行程线路+酒店环境+报价清单你先参考-","msgType":2,"userName":"归于平淡"},{"contentType":1,"dateTimeStr":"12:05","msg":"15035260366","msgType":1,"userName":"归于平淡"},{"contentType":1,"dateTimeStr":"12:05","msg":"好的，马上安排专属管家添加您一会儿您记得通过一下我哦","msgType":2,"userName":"归于平淡"}]
2025-09-01 12:06:06.353 [http-nio-8080-exec-1] INFO  c.l.s.c.DySxChatGenerateController gen - ==================================#########################===========================================
2025-09-01 12:08:57.788 [http-nio-8080-exec-1] INFO  c.l.s.c.DySxChatGenerateController gen - 线路:sc2||用户名称:小猫241846763||用户头像:./avatar/avatar_17529.jpg||聊天内容:[{"contentType":1,"dateTimeStr":"12:07","msg":"看到了吗，亲","msgType":2,"userName":"小猫241846763"},{"contentType":1,"dateTimeStr":"12:07","msg":"微信号","msgType":1,"userName":"小猫241846763"},{"contentType":1,"dateTimeStr":"12:07","msg":"要不您发我一下吧","msgType":2,"userName":"小猫241846763"},{"contentType":1,"dateTimeStr":"12:07","msg":"我这边可能发的太多，频繁了","msgType":2,"userName":"小猫241846763"},{"contentType":1,"dateTimeStr":"12:07","msg":"","msgType":1,"userName":"小猫241846763"},{"contentType":1,"dateTimeStr":"12:07","msg":"好的，马上安排专属管家添加您一会儿您记得通过一下我哦","msgType":2,"userName":"小猫241846763"}]
2025-09-01 12:08:57.792 [http-nio-8080-exec-1] INFO  c.l.s.c.DySxChatGenerateController gen - ==================================#########################===========================================
2025-09-01 12:13:19.464 [http-nio-8080-exec-2] INFO  c.l.s.c.DySxChatGenerateController gen - 线路:sc2||用户名称:勇往直前666||用户头像:./avatar/avatar_15756.jpg||聊天内容:[{"contentType":1,"dateTimeStr":"12:12","msg":"九寨沟，黄龙，，峨眉山，乐山大佛14人需要几天","msgType":1,"userName":"勇往直前666"},{"contentType":1,"dateTimeStr":"12:12","msg":"好的亲","msgType":2,"userName":"勇往直前666"},{"contentType":1,"dateTimeStr":"12:12","msg":"目前3-8天行程的行程都可以安排，有人均700的也有1280买一送一的，需要您留个联系方式给您详细介绍","msgType":2,"userName":"勇往直前666"},{"contentType":1,"dateTimeStr":"12:12","msg":"18916715863","msgType":1,"userName":"勇往直前666"},{"contentType":1,"dateTimeStr":"12:12","msg":"好的，马上安排专属管家添加您一会儿您记得通过一下我哦","msgType":2,"userName":"勇往直前666"}]
2025-09-01 12:13:19.468 [http-nio-8080-exec-2] INFO  c.l.s.c.DySxChatGenerateController gen - ==================================#########################===========================================
2025-09-01 12:15:36.326 [http-nio-8080-exec-2] INFO  c.l.s.c.DySxChatGenerateController gen - 线路:sc2||用户名称:levin 辉||用户头像:./avatar/avatar_2821.jpg||聊天内容:[{"contentType":1,"dateTimeStr":"12:14","msg":"您好，计划玩几天，几个朋友过来四川游玩園圇 我根据你的需求帮您免费令做一个详细燓的规划。","msgType":2,"userName":"levin 辉"},{"contentType":1,"dateTimeStr":"12:14","msg":"2个朋友","msgType":1,"userName":"levin 辉"},{"contentType":1,"dateTimeStr":"12:14","msg":"1280元可以玩几天","msgType":1,"userName":"levin 辉"},{"contentType":1,"dateTimeStr":"12:14","msg":"目前3-8天行程的行程都可以安排，有人均700的也有1280买一送一的，需要您留个联系方式给您详细介绍，感谢理解","msgType":2,"userName":"levin 辉"},{"contentType":1,"dateTimeStr":"12:14","msg":"亲，平台有限制，会封私信的，方便留个薇·，咱们的小管家+你，给你发行程线路+酒店环境+报价清单你先参考","msgType":2,"userName":"levin 辉"},{"contentType":1,"dateTimeStr":"12:14","msg":"levin261258","msgType":1,"userName":"levin 辉"},{"contentType":1,"dateTimeStr":"12:14","msg":"好的，马上安排专属管家添加您一会儿您记得通过一下我哦","msgType":2,"userName":"levin 辉"}]
2025-09-01 12:15:36.328 [http-nio-8080-exec-2] INFO  c.l.s.c.DySxChatGenerateController gen - ==================================#########################===========================================
2025-09-01 12:16:33.013 [http-nio-8080-exec-1] INFO  c.l.s.c.DySxChatGenerateController gen - 线路:sc2||用户名称:赵劲松||用户头像:./avatar/avatar_6960.jpg||聊天内容:[{"contentType":1,"dateTimeStr":"12:15","msg":"您好，计划玩几天，几个朋友过来四川游玩園圇我根据你的需求帮您免费令做一个详细繇的规划。","msgType":2,"userName":"赵劲松"},{"contentType":1,"dateTimeStr":"12:15","msg":"两个人去","msgType":1,"userName":"赵劲松"},{"contentType":1,"dateTimeStr":"12:15","msg":"好的亲","msgType":2,"userName":"赵劲松"},{"contentType":1,"dateTimeStr":"12:15","msg":"大概什么时候出发呢","msgType":2,"userName":"赵劲松"},{"contentType":1,"dateTimeStr":"12:15","msg":"10号左右","msgType":1,"userName":"赵劲松"},{"contentType":1,"dateTimeStr":"12:15","msg":"亲，平台有限制，会封私信的，方便留个薇·，咱们的小管家+你，给你发行程线路+酒店环境+报价清单你先参考","msgType":2,"userName":"赵劲松"},{"contentType":1,"dateTimeStr":"12:15","msg":"13596109949","msgType":1,"userName":"赵劲松"},{"contentType":1,"dateTimeStr":"12:15","msg":"好的，马上安排专属管家添加您一会儿您记得通过一下我哦","msgType":2,"userName":"赵劲松"}]
2025-09-01 12:16:33.015 [http-nio-8080-exec-1] INFO  c.l.s.c.DySxChatGenerateController gen - ==================================#########################===========================================
2025-09-01 12:17:44.886 [http-nio-8080-exec-9] INFO  c.l.s.c.DySxChatGenerateController gen - 线路:sc2||用户名称:筱||用户头像:./avatar/avatar_18186.jpg||聊天内容:[{"contentType":1,"dateTimeStr":"12:16","msg":"好，计划玩几天，几个朋友过来四川游玩 我根据你的需求帮您免费令做一个详细丝的规划。","msgType":2,"userName":"筱"},{"contentType":1,"dateTimeStr":"12:16","msg":"9月下旬，有什么推荐","msgType":1,"userName":"筱"},{"contentType":1,"dateTimeStr":"12:16","msg":"1个人","msgType":1,"userName":"筱"},{"contentType":1,"dateTimeStr":"12:16","msg":"好的亲","msgType":2,"userName":"筱"},{"contentType":1,"dateTimeStr":"12:16","msg":"您电话号多少，稍后发详细的旅游攻略+景点+行程报价+优惠到你。上，让你更直观了解吃什么美食住什么酒店玩哪些景点","msgType":2,"userName":"筱"},{"contentType":1,"dateTimeStr":"12:16","msg":"jing289769185","msgType":1,"userName":"筱"},{"contentType":1,"dateTimeStr":"12:16","msg":"好的，马上安排专属管家添加您一会儿您记得通过一下我哦","msgType":2,"userName":"筱"}]
2025-09-01 12:17:44.888 [http-nio-8080-exec-9] INFO  c.l.s.c.DySxChatGenerateController gen - ==================================#########################===========================================
2025-09-01 12:18:39.387 [http-nio-8080-exec-3] INFO  c.l.s.c.DySxChatGenerateController gen - 线路:sc2||用户名称:晓看天色||用户头像:./avatar/avatar_19417.jpg||聊天内容:[{"contentType":1,"dateTimeStr":"12:17","msg":"您好，计划玩几天，几个朋友过来四川游玩園圇我根据你的需求帮您免费令做一个详细的规划。","msgType":2,"userName":"晓看天色"},{"contentType":1,"dateTimeStr":"12:17","msg":"三个人川西大环线八天","msgType":1,"userName":"晓看天色"},{"contentType":1,"dateTimeStr":"12:17","msg":"好的亲","msgType":2,"userName":"晓看天色"},{"contentType":1,"dateTimeStr":"12:17","msg":"大概什么时候出行呢","msgType":2,"userName":"晓看天色"},{"contentType":1,"dateTimeStr":"12:17","msg":"九月20号左右","msgType":1,"userName":"晓看天色"},{"contentType":1,"dateTimeStr":"12:17","msg":"亲，平台有限制，会封私信的，方便留个薇心，咱们的小管家+你，给你发行程线路+酒店环境+报价清单你先参考","msgType":2,"userName":"晓看天色"},{"contentType":1,"dateTimeStr":"12:17","msg":"S38323963","msgType":1,"userName":"晓看天色"},{"contentType":1,"dateTimeStr":"12:17","msg":"好的，马上安排专属管家添加您一会儿您记得通过一下我哦","msgType":2,"userName":"晓看天色"}]
2025-09-01 12:18:39.389 [http-nio-8080-exec-3] INFO  c.l.s.c.DySxChatGenerateController gen - ==================================#########################===========================================
2025-09-01 12:27:53.329 [http-nio-8080-exec-9] ERROR org.apache.juli.logging.DirectJDKLog log - Servlet.service() for servlet [dispatcherServlet] in context with path [] threw exception [Request processing failed; nested exception is java.lang.RuntimeException: 缺少用户名称] with root cause
java.lang.RuntimeException: 缺少用户名称
	at cn.laobayou.siyubao.controller.DySxChatGenerateController.generateChatMessage(DySxChatGenerateController.java:218)
	at cn.laobayou.siyubao.controller.DySxChatGenerateController.gen(DySxChatGenerateController.java:191)
	at sun.reflect.GeneratedMethodAccessor8.invoke(Unknown Source)
	at sun.reflect.DelegatingMethodAccessorImpl.invoke(DelegatingMethodAccessorImpl.java:43)
	at java.lang.reflect.Method.invoke(Method.java:498)
	at org.springframework.web.method.support.InvocableHandlerMethod.doInvoke(InvocableHandlerMethod.java:205)
	at org.springframework.web.method.support.InvocableHandlerMethod.invokeForRequest(InvocableHandlerMethod.java:150)
	at org.springframework.web.servlet.mvc.method.annotation.ServletInvocableHandlerMethod.invokeAndHandle(ServletInvocableHandlerMethod.java:117)
	at org.springframework.web.servlet.mvc.method.annotation.RequestMappingHandlerAdapter.invokeHandlerMethod(RequestMappingHandlerAdapter.java:895)
	at org.springframework.web.servlet.mvc.method.annotation.RequestMappingHandlerAdapter.handleInternal(RequestMappingHandlerAdapter.java:808)
	at org.springframework.web.servlet.mvc.method.AbstractHandlerMethodAdapter.handle(AbstractHandlerMethodAdapter.java:87)
	at org.springframework.web.servlet.DispatcherServlet.doDispatch(DispatcherServlet.java:1072)
	at org.springframework.web.servlet.DispatcherServlet.doService(DispatcherServlet.java:965)
	at org.springframework.web.servlet.FrameworkServlet.processRequest(FrameworkServlet.java:1006)
	at org.springframework.web.servlet.FrameworkServlet.doGet(FrameworkServlet.java:898)
	at javax.servlet.http.HttpServlet.service(HttpServlet.java:529)
	at org.springframework.web.servlet.FrameworkServlet.service(FrameworkServlet.java:883)
	at javax.servlet.http.HttpServlet.service(HttpServlet.java:623)
	at org.apache.catalina.core.ApplicationFilterChain.internalDoFilter(ApplicationFilterChain.java:209)
	at org.apache.catalina.core.ApplicationFilterChain.doFilter(ApplicationFilterChain.java:153)
	at org.apache.tomcat.websocket.server.WsFilter.doFilter(WsFilter.java:51)
	at org.apache.catalina.core.ApplicationFilterChain.internalDoFilter(ApplicationFilterChain.java:178)
	at org.apache.catalina.core.ApplicationFilterChain.doFilter(ApplicationFilterChain.java:153)
	at org.springframework.web.filter.RequestContextFilter.doFilterInternal(RequestContextFilter.java:100)
	at org.springframework.web.filter.OncePerRequestFilter.doFilter(OncePerRequestFilter.java:117)
	at org.apache.catalina.core.ApplicationFilterChain.internalDoFilter(ApplicationFilterChain.java:178)
	at org.apache.catalina.core.ApplicationFilterChain.doFilter(ApplicationFilterChain.java:153)
	at org.springframework.web.filter.FormContentFilter.doFilterInternal(FormContentFilter.java:93)
	at org.springframework.web.filter.OncePerRequestFilter.doFilter(OncePerRequestFilter.java:117)
	at org.apache.catalina.core.ApplicationFilterChain.internalDoFilter(ApplicationFilterChain.java:178)
	at org.apache.catalina.core.ApplicationFilterChain.doFilter(ApplicationFilterChain.java:153)
	at org.springframework.web.filter.CharacterEncodingFilter.doFilterInternal(CharacterEncodingFilter.java:201)
	at org.springframework.web.filter.OncePerRequestFilter.doFilter(OncePerRequestFilter.java:117)
	at org.apache.catalina.core.ApplicationFilterChain.internalDoFilter(ApplicationFilterChain.java:178)
	at org.apache.catalina.core.ApplicationFilterChain.doFilter(ApplicationFilterChain.java:153)
	at org.apache.catalina.core.StandardWrapperValve.invoke(StandardWrapperValve.java:168)
	at org.apache.catalina.core.StandardContextValve.invoke(StandardContextValve.java:90)
	at org.apache.catalina.authenticator.AuthenticatorBase.invoke(AuthenticatorBase.java:481)
	at org.apache.catalina.core.StandardHostValve.invoke(StandardHostValve.java:130)
	at org.apache.catalina.valves.ErrorReportValve.invoke(ErrorReportValve.java:93)
	at org.apache.catalina.core.StandardEngineValve.invoke(StandardEngineValve.java:74)
	at org.apache.catalina.connector.CoyoteAdapter.service(CoyoteAdapter.java:342)
	at org.apache.coyote.http11.Http11Processor.service(Http11Processor.java:390)
	at org.apache.coyote.AbstractProcessorLight.process(AbstractProcessorLight.java:63)
	at org.apache.coyote.AbstractProtocol$ConnectionHandler.process(AbstractProtocol.java:928)
	at org.apache.tomcat.util.net.NioEndpoint$SocketProcessor.doRun(NioEndpoint.java:1794)
	at org.apache.tomcat.util.net.SocketProcessorBase.run(SocketProcessorBase.java:52)
	at org.apache.tomcat.util.threads.ThreadPoolExecutor.runWorker(ThreadPoolExecutor.java:1191)
	at org.apache.tomcat.util.threads.ThreadPoolExecutor$Worker.run(ThreadPoolExecutor.java:659)
	at org.apache.tomcat.util.threads.TaskThread$WrappingRunnable.run(TaskThread.java:61)
	at java.lang.Thread.run(Thread.java:748)
2025-09-01 12:27:54.179 [http-nio-8080-exec-1] ERROR org.apache.juli.logging.DirectJDKLog log - Servlet.service() for servlet [dispatcherServlet] in context with path [] threw exception [Request processing failed; nested exception is java.lang.RuntimeException: 缺少用户名称] with root cause
java.lang.RuntimeException: 缺少用户名称
	at cn.laobayou.siyubao.controller.DySxChatGenerateController.generateChatMessage(DySxChatGenerateController.java:218)
	at cn.laobayou.siyubao.controller.DySxChatGenerateController.gen(DySxChatGenerateController.java:191)
	at sun.reflect.GeneratedMethodAccessor8.invoke(Unknown Source)
	at sun.reflect.DelegatingMethodAccessorImpl.invoke(DelegatingMethodAccessorImpl.java:43)
	at java.lang.reflect.Method.invoke(Method.java:498)
	at org.springframework.web.method.support.InvocableHandlerMethod.doInvoke(InvocableHandlerMethod.java:205)
	at org.springframework.web.method.support.InvocableHandlerMethod.invokeForRequest(InvocableHandlerMethod.java:150)
	at org.springframework.web.servlet.mvc.method.annotation.ServletInvocableHandlerMethod.invokeAndHandle(ServletInvocableHandlerMethod.java:117)
	at org.springframework.web.servlet.mvc.method.annotation.RequestMappingHandlerAdapter.invokeHandlerMethod(RequestMappingHandlerAdapter.java:895)
	at org.springframework.web.servlet.mvc.method.annotation.RequestMappingHandlerAdapter.handleInternal(RequestMappingHandlerAdapter.java:808)
	at org.springframework.web.servlet.mvc.method.AbstractHandlerMethodAdapter.handle(AbstractHandlerMethodAdapter.java:87)
	at org.springframework.web.servlet.DispatcherServlet.doDispatch(DispatcherServlet.java:1072)
	at org.springframework.web.servlet.DispatcherServlet.doService(DispatcherServlet.java:965)
	at org.springframework.web.servlet.FrameworkServlet.processRequest(FrameworkServlet.java:1006)
	at org.springframework.web.servlet.FrameworkServlet.doGet(FrameworkServlet.java:898)
	at javax.servlet.http.HttpServlet.service(HttpServlet.java:529)
	at org.springframework.web.servlet.FrameworkServlet.service(FrameworkServlet.java:883)
	at javax.servlet.http.HttpServlet.service(HttpServlet.java:623)
	at org.apache.catalina.core.ApplicationFilterChain.internalDoFilter(ApplicationFilterChain.java:209)
	at org.apache.catalina.core.ApplicationFilterChain.doFilter(ApplicationFilterChain.java:153)
	at org.apache.tomcat.websocket.server.WsFilter.doFilter(WsFilter.java:51)
	at org.apache.catalina.core.ApplicationFilterChain.internalDoFilter(ApplicationFilterChain.java:178)
	at org.apache.catalina.core.ApplicationFilterChain.doFilter(ApplicationFilterChain.java:153)
	at org.springframework.web.filter.RequestContextFilter.doFilterInternal(RequestContextFilter.java:100)
	at org.springframework.web.filter.OncePerRequestFilter.doFilter(OncePerRequestFilter.java:117)
	at org.apache.catalina.core.ApplicationFilterChain.internalDoFilter(ApplicationFilterChain.java:178)
	at org.apache.catalina.core.ApplicationFilterChain.doFilter(ApplicationFilterChain.java:153)
	at org.springframework.web.filter.FormContentFilter.doFilterInternal(FormContentFilter.java:93)
	at org.springframework.web.filter.OncePerRequestFilter.doFilter(OncePerRequestFilter.java:117)
	at org.apache.catalina.core.ApplicationFilterChain.internalDoFilter(ApplicationFilterChain.java:178)
	at org.apache.catalina.core.ApplicationFilterChain.doFilter(ApplicationFilterChain.java:153)
	at org.springframework.web.filter.CharacterEncodingFilter.doFilterInternal(CharacterEncodingFilter.java:201)
	at org.springframework.web.filter.OncePerRequestFilter.doFilter(OncePerRequestFilter.java:117)
	at org.apache.catalina.core.ApplicationFilterChain.internalDoFilter(ApplicationFilterChain.java:178)
	at org.apache.catalina.core.ApplicationFilterChain.doFilter(ApplicationFilterChain.java:153)
	at org.apache.catalina.core.StandardWrapperValve.invoke(StandardWrapperValve.java:168)
	at org.apache.catalina.core.StandardContextValve.invoke(StandardContextValve.java:90)
	at org.apache.catalina.authenticator.AuthenticatorBase.invoke(AuthenticatorBase.java:481)
	at org.apache.catalina.core.StandardHostValve.invoke(StandardHostValve.java:130)
	at org.apache.catalina.valves.ErrorReportValve.invoke(ErrorReportValve.java:93)
	at org.apache.catalina.core.StandardEngineValve.invoke(StandardEngineValve.java:74)
	at org.apache.catalina.connector.CoyoteAdapter.service(CoyoteAdapter.java:342)
	at org.apache.coyote.http11.Http11Processor.service(Http11Processor.java:390)
	at org.apache.coyote.AbstractProcessorLight.process(AbstractProcessorLight.java:63)
	at org.apache.coyote.AbstractProtocol$ConnectionHandler.process(AbstractProtocol.java:928)
	at org.apache.tomcat.util.net.NioEndpoint$SocketProcessor.doRun(NioEndpoint.java:1794)
	at org.apache.tomcat.util.net.SocketProcessorBase.run(SocketProcessorBase.java:52)
	at org.apache.tomcat.util.threads.ThreadPoolExecutor.runWorker(ThreadPoolExecutor.java:1191)
	at org.apache.tomcat.util.threads.ThreadPoolExecutor$Worker.run(ThreadPoolExecutor.java:659)
	at org.apache.tomcat.util.threads.TaskThread$WrappingRunnable.run(TaskThread.java:61)
	at java.lang.Thread.run(Thread.java:748)
2025-09-01 12:27:58.043 [http-nio-8080-exec-2] INFO  c.l.s.c.DySxChatGenerateController gen - 线路:sc2||用户名称:ya~ya||用户头像:./avatar/avatar_8517.jpg||聊天内容:[{"contentType":1,"dateTimeStr":"12:26","msg":"您好，计划玩几天，几个朋友过来四川游玩 我根据你的需求帮您免费令做一个详细訑个的规划。","msgType":2,"userName":"ya~ya"},{"contentType":1,"dateTimeStr":"12:26","msg":"一个人，送完小孩开学后打算玩一玩","msgType":1,"userName":"ya~ya"},{"contentType":1,"dateTimeStr":"12:26","msg":"好的亲","msgType":2,"userName":"ya~ya"},{"contentType":1,"dateTimeStr":"12:26","msg":"亲，平台有限制，会封私信的，方便留檵个薇·，咱们的小管家+你，给你发行程线路+酒店环境+报价清单你先参考","msgType":2,"userName":"ya~ya"},{"contentType":1,"dateTimeStr":"12:26","msg":"18979173542","msgType":1,"userName":"ya~ya"},{"contentType":1,"dateTimeStr":"12:26","msg":"好的，马上安排专属管家添加您一会儿您记得通过一下我哦","msgType":2,"userName":"ya~ya"}]
2025-09-01 12:27:58.043 [http-nio-8080-exec-2] INFO  c.l.s.c.DySxChatGenerateController gen - ==================================#########################===========================================
2025-09-01 12:33:16.366 [http-nio-8080-exec-8] INFO  c.l.s.c.DySxChatGenerateController gen - 线路:sc2||用户名称:ya~ya||用户头像:./avatar/avatar_4618.jpg||聊天内容:[{"contentType":1,"dateTimeStr":"12:32","msg":"您好，计划玩几天，几个朋友过来四川游玩 我根据你的需求帮您免费令做一个详细訑个的规划。","msgType":2,"userName":"ya~ya"},{"contentType":1,"dateTimeStr":"12:32","msg":"一个人，送完小孩开学后打算玩一玩","msgType":1,"userName":"ya~ya"},{"contentType":1,"dateTimeStr":"12:32","msg":"好的亲","msgType":2,"userName":"ya~ya"},{"contentType":1,"dateTimeStr":"12:32","msg":"亲，平台有限制，会封私信的，方便留檵个薇·，咱们的小管家+你，给你发行程线路+酒店环境+报价清单你先参考","msgType":2,"userName":"ya~ya"},{"contentType":1,"dateTimeStr":"12:32","msg":"18979173542","msgType":1,"userName":"ya~ya"},{"contentType":1,"dateTimeStr":"12:32","msg":"好的，马上安排专属管家添加您一会儿您记得通过一下我哦","msgType":2,"userName":"ya~ya"}]
2025-09-01 12:33:16.368 [http-nio-8080-exec-8] INFO  c.l.s.c.DySxChatGenerateController gen - ==================================#########################===========================================
2025-09-01 12:33:17.517 [http-nio-8080-exec-5] INFO  c.l.s.c.DySxChatGenerateController gen - 线路:sc2||用户名称:ya~ya||用户头像:./avatar/avatar_10822.jpg||聊天内容:[{"contentType":1,"dateTimeStr":"12:32","msg":"您好，计划玩几天，几个朋友过来四川游玩 我根据你的需求帮您免费令做一个详细訑个的规划。","msgType":2,"userName":"ya~ya"},{"contentType":1,"dateTimeStr":"12:32","msg":"一个人，送完小孩开学后打算玩一玩","msgType":1,"userName":"ya~ya"},{"contentType":1,"dateTimeStr":"12:32","msg":"好的亲","msgType":2,"userName":"ya~ya"},{"contentType":1,"dateTimeStr":"12:32","msg":"亲，平台有限制，会封私信的，方便留檵个薇·，咱们的小管家+你，给你发行程线路+酒店环境+报价清单你先参考","msgType":2,"userName":"ya~ya"},{"contentType":1,"dateTimeStr":"12:32","msg":"18979173542","msgType":1,"userName":"ya~ya"},{"contentType":1,"dateTimeStr":"12:32","msg":"好的，马上安排专属管家添加您一会儿您记得通过一下我哦","msgType":2,"userName":"ya~ya"}]
2025-09-01 12:33:17.520 [http-nio-8080-exec-5] INFO  c.l.s.c.DySxChatGenerateController gen - ==================================#########################===========================================
2025-09-01 12:33:19.056 [http-nio-8080-exec-6] INFO  c.l.s.c.DySxChatGenerateController gen - 线路:sc||用户名称:与子相悦||用户头像:./avatar/avatar_15582.jpg||聊天内容:[{"contentType":1,"dateTimeStr":"12:32","msg":"九寨沟黄龙峨眉山乐山?","msgType":1,"userName":"与子相悦"},{"contentType":1,"dateTimeStr":"12:32","msg":"是的 可以参考一下我给你推荐的行程报价","msgType":2,"userName":"与子相悦"},{"contentType":1,"dateTimeStr":"12:32","msg":"小团也接受","msgType":1,"userName":"与子相悦"},{"contentType":1,"dateTimeStr":"12:32","msg":"我这就有小团 弟弟，出行前多看看行程报价，做到心中有数是对的","msgType":2,"userName":"与子相悦"},{"contentType":1,"dateTimeStr":"12:32","msg":"你们报价发我一份","msgType":1,"userName":"与子相悦"},{"contentType":1,"dateTimeStr":"12:32","msg":"对比下","msgType":1,"userName":"与子相悦"},{"contentType":1,"dateTimeStr":"12:32","msg":"行，你留个薇","msgType":2,"userName":"与子相悦"},{"contentType":1,"dateTimeStr":"12:32","msg":"126","msgType":1,"userName":"与子相悦"},{"contentType":1,"dateTimeStr":"12:32","msg":"0303","msgType":1,"userName":"与子相悦"},{"contentType":1,"dateTimeStr":"12:32","msg":"448","msgType":1,"userName":"与子相悦"},{"contentType":1,"dateTimeStr":"12:32","msg":"好的，马上安排专属管家添加您一会儿您记得通过一下我哦","msgType":2,"userName":"与子相悦"}]
2025-09-01 12:33:19.057 [http-nio-8080-exec-6] INFO  c.l.s.c.DySxChatGenerateController gen - ==================================#########################===========================================
2025-09-01 12:33:33.890 [http-nio-8080-exec-5] INFO  c.l.s.c.DySxChatGenerateController gen - 线路:sc||用户名称:与子相悦||用户头像:./avatar/avatar_5984.jpg||聊天内容:[{"contentType":1,"dateTimeStr":"12:32","msg":"九寨沟黄龙峨眉山乐山?","msgType":1,"userName":"与子相悦"},{"contentType":1,"dateTimeStr":"12:32","msg":"是的 可以参考一下我给你推荐的行程报价","msgType":2,"userName":"与子相悦"},{"contentType":1,"dateTimeStr":"12:32","msg":"小团也接受","msgType":1,"userName":"与子相悦"},{"contentType":1,"dateTimeStr":"12:32","msg":"我这就有小团 弟弟，出行前多看看行程报价，做到心中有数是对的","msgType":2,"userName":"与子相悦"},{"contentType":1,"dateTimeStr":"12:32","msg":"你们报价发我一份","msgType":1,"userName":"与子相悦"},{"contentType":1,"dateTimeStr":"12:32","msg":"对比下","msgType":1,"userName":"与子相悦"},{"contentType":1,"dateTimeStr":"12:32","msg":"行，你留个薇","msgType":2,"userName":"与子相悦"},{"contentType":1,"dateTimeStr":"12:32","msg":"1260303448","msgType":1,"userName":"与子相悦"},{"contentType":1,"dateTimeStr":"12:32","msg":"好的，马上安排专属管家添加您一会儿您记得通过一下我哦","msgType":2,"userName":"与子相悦"}]
2025-09-01 12:33:33.893 [http-nio-8080-exec-5] INFO  c.l.s.c.DySxChatGenerateController gen - ==================================#########################===========================================
2025-09-01 13:46:19.405 [http-nio-8080-exec-10] INFO  c.l.s.c.DySxChatGenerateController gen - 线路:sc||用户名称:平淡||用户头像:./avatar/avatar_402.jpg||聊天内容:[{"contentType":1,"dateTimeStr":"13:45","msg":"您好，您这边计划什么时候来游玩，行几人呢","msgType":2,"userName":"平淡"},{"contentType":1,"dateTimeStr":"13:45","msg":"两人，10月末，60岁，每天不要太累","msgType":1,"userName":"平淡"},{"contentType":1,"dateTimeStr":"13:45","msg":"好的亲","msgType":2,"userName":"平淡"},{"contentType":1,"dateTimeStr":"13:45","msg":"辛苦您留个联系方式，我加您给您发详细的行程文档，吃住行都一清二楚哦","msgType":2,"userName":"平淡"},{"contentType":1,"dateTimeStr":"13:45","msg":"13895933138","msgType":1,"userName":"平淡"},{"contentType":1,"dateTimeStr":"13:45","msg":"好的，马上安排专属管家添加您一会儿您记得通过一下我哦","msgType":2,"userName":"平淡"}]
2025-09-01 13:46:19.418 [http-nio-8080-exec-10] INFO  c.l.s.c.DySxChatGenerateController gen - ==================================#########################===========================================
2025-09-01 13:46:22.412 [http-nio-8080-exec-7] INFO  c.l.s.c.DySxChatGenerateController gen - 线路:sc2||用户名称:ya~ya||用户头像:./avatar/avatar_3053.jpg||聊天内容:[{"contentType":1,"dateTimeStr":"13:45","msg":"您好，计划玩几天，几个朋友过来四川游玩 我根据你的需求帮您免费令做一个详细訑个的规划。","msgType":2,"userName":"ya~ya"},{"contentType":1,"dateTimeStr":"13:45","msg":"一个人，送完小孩开学后打算玩一玩","msgType":1,"userName":"ya~ya"},{"contentType":1,"dateTimeStr":"13:45","msg":"好的亲","msgType":2,"userName":"ya~ya"},{"contentType":1,"dateTimeStr":"13:45","msg":"亲，平台有限制，会封私信的，方便留檵个薇·，咱们的小管家+你，给你发行程线路+酒店环境+报价清单你先参考","msgType":2,"userName":"ya~ya"},{"contentType":1,"dateTimeStr":"13:45","msg":"18979173542","msgType":1,"userName":"ya~ya"},{"contentType":1,"dateTimeStr":"13:45","msg":"好的，马上安排专属管家添加您一会儿您记得通过一下我哦","msgType":2,"userName":"ya~ya"}]
2025-09-01 13:46:22.414 [http-nio-8080-exec-7] INFO  c.l.s.c.DySxChatGenerateController gen - ==================================#########################===========================================
2025-09-01 13:46:33.738 [http-nio-8080-exec-8] INFO  c.l.s.c.DySxChatGenerateController gen - 线路:sc2||用户名称:平淡||用户头像:./avatar/avatar_4988.jpg||聊天内容:[{"contentType":1,"dateTimeStr":"13:45","msg":"您好，您这边计划什么时候来游玩，行几人呢","msgType":2,"userName":"平淡"},{"contentType":1,"dateTimeStr":"13:45","msg":"两人，10月末，60岁，每天不要太累","msgType":1,"userName":"平淡"},{"contentType":1,"dateTimeStr":"13:45","msg":"好的亲","msgType":2,"userName":"平淡"},{"contentType":1,"dateTimeStr":"13:45","msg":"辛苦您留个联系方式，我加您给您发详细的行程文档，吃住行都一清二楚哦","msgType":2,"userName":"平淡"},{"contentType":1,"dateTimeStr":"13:45","msg":"13895933138","msgType":1,"userName":"平淡"},{"contentType":1,"dateTimeStr":"13:45","msg":"好的，马上安排专属管家添加您一会儿您记得通过一下我哦","msgType":2,"userName":"平淡"}]
2025-09-01 13:46:33.748 [http-nio-8080-exec-8] INFO  c.l.s.c.DySxChatGenerateController gen - ==================================#########################===========================================
2025-09-01 13:47:44.593 [http-nio-8080-exec-1] INFO  c.l.s.c.DySxChatGenerateController gen - 线路:sc2||用户名称:我是哥||用户头像:./avatar/avatar_12740.jpg||聊天内容:[{"contentType":1,"dateTimeStr":"13:46","msg":"您好，您这边计划什么时候来游玩，行几人呢","msgType":2,"userName":"我是哥"},{"contentType":1,"dateTimeStr":"13:46","msg":"屛心5天三个人","msgType":1,"userName":"我是哥"},{"contentType":1,"dateTimeStr":"13:46","msg":"好的亲","msgType":2,"userName":"我是哥"},{"contentType":1,"dateTimeStr":"13:46","msg":"您心号多少，稍后发详细的旅游攻略+景点+行程报价+优惠到你上，让你更直观了解吃什么美食住什么酒店玩哪些景点","msgType":2,"userName":"我是哥"},{"contentType":1,"dateTimeStr":"13:46","msg":"13810099321","msgType":1,"userName":"我是哥"},{"contentType":1,"dateTimeStr":"13:46","msg":"好的，马上安排专属管家添加您一会儿您记得通过一下我哦","msgType":2,"userName":"我是哥"}]
2025-09-01 13:47:44.595 [http-nio-8080-exec-1] INFO  c.l.s.c.DySxChatGenerateController gen - ==================================#########################===========================================
2025-09-01 13:47:46.416 [http-nio-8080-exec-2] INFO  c.l.s.c.DySxChatGenerateController gen - 线路:sc2||用户名称:我是哥||用户头像:./avatar/avatar_10529.jpg||聊天内容:[{"contentType":1,"dateTimeStr":"13:46","msg":"您好，您这边计划什么时候来游玩，行几人呢","msgType":2,"userName":"我是哥"},{"contentType":1,"dateTimeStr":"13:46","msg":"屛心5天三个人","msgType":1,"userName":"我是哥"},{"contentType":1,"dateTimeStr":"13:46","msg":"好的亲","msgType":2,"userName":"我是哥"},{"contentType":1,"dateTimeStr":"13:46","msg":"您心号多少，稍后发详细的旅游攻略+景点+行程报价+优惠到你上，让你更直观了解吃什么美食住什么酒店玩哪些景点","msgType":2,"userName":"我是哥"},{"contentType":1,"dateTimeStr":"13:46","msg":"13810099321","msgType":1,"userName":"我是哥"},{"contentType":1,"dateTimeStr":"13:46","msg":"好的，马上安排专属管家添加您一会儿您记得通过一下我哦","msgType":2,"userName":"我是哥"}]
2025-09-01 13:47:46.420 [http-nio-8080-exec-2] INFO  c.l.s.c.DySxChatGenerateController gen - ==================================#########################===========================================
2025-09-01 13:47:54.684 [http-nio-8080-exec-10] INFO  c.l.s.c.DySxChatGenerateController gen - 线路:sc2||用户名称:我是哥||用户头像:./avatar/avatar_3837.jpg||聊天内容:[{"contentType":1,"dateTimeStr":"13:46","msg":"您好，您这边计划什么时候来游玩，行几人呢","msgType":2,"userName":"我是哥"},{"contentType":1,"dateTimeStr":"13:46","msg":"5天三个人","msgType":1,"userName":"我是哥"},{"contentType":1,"dateTimeStr":"13:46","msg":"好的亲","msgType":2,"userName":"我是哥"},{"contentType":1,"dateTimeStr":"13:46","msg":"您心号多少，稍后发详细的旅游攻略+景点+行程报价+优惠到你上，让你更直观了解吃什么美食住什么酒店玩哪些景点","msgType":2,"userName":"我是哥"},{"contentType":1,"dateTimeStr":"13:46","msg":"13810099321","msgType":1,"userName":"我是哥"},{"contentType":1,"dateTimeStr":"13:46","msg":"好的，马上安排专属管家添加您一会儿您记得通过一下我哦","msgType":2,"userName":"我是哥"}]
2025-09-01 13:47:54.685 [http-nio-8080-exec-10] INFO  c.l.s.c.DySxChatGenerateController gen - ==================================#########################===========================================
2025-09-01 13:54:33.364 [http-nio-8080-exec-4] INFO  c.l.s.c.DySxChatGenerateController gen - 线路:sc2||用户名称:三郎||用户头像:./avatar/avatar_11772.jpg||聊天内容:[{"contentType":1,"dateTimeStr":"13:53","msg":"9月中可去","msgType":1,"userName":"三郎"},{"contentType":1,"dateTimeStr":"13:53","msg":"辛苦您留个联系方式，我加您给您发详细的行程文档，吃住行都一清二楚哦","msgType":2,"userName":"三郎"},{"contentType":1,"dateTimeStr":"13:53","msg":"14.日15","msgType":1,"userName":"三郎"},{"contentType":1,"dateTimeStr":"13:53","msg":"亲，平台有限制，会封私信的，方便留个薇·，咱们的小管家+你，给你发行程线路+酒店环境+报价清单你先参考-","msgType":2,"userName":"三郎"},{"contentType":1,"dateTimeStr":"13:53","msg":"13643671763","msgType":1,"userName":"三郎"},{"contentType":1,"dateTimeStr":"13:53","msg":"好的，马上安排专属管家添加您一会儿您记得通过一下我哦","msgType":2,"userName":"三郎"}]
2025-09-01 13:54:33.366 [http-nio-8080-exec-4] INFO  c.l.s.c.DySxChatGenerateController gen - ==================================#########################===========================================
2025-09-01 14:44:25.890 [http-nio-8080-exec-1] INFO  c.l.s.c.DySxChatGenerateController gen - 线路:sc2||用户名称:用户598397428767||用户头像:./avatar/avatar_10739.jpg||聊天内容:[{"contentType":1,"dateTimeStr":"14:43","msg":"您好，计划玩几天，几个朋友过来四川游玩園我根据你的需求帮您免费令做一个详细的规划。","msgType":2,"userName":"用户598397428767"},{"contentType":1,"dateTimeStr":"14:43","msg":"你好:我和老伴73-74岁2人想去四川旅游7-10天票往返车票代购海找不要太高您忙推介一下谢谢","msgType":1,"userName":"用户598397428767"},{"contentType":1,"dateTimeStr":"14:43","msg":"好的亲","msgType":2,"userName":"用户598397428767"},{"contentType":1,"dateTimeStr":"14:43","msg":"亲，平台有限制，会封私信的，方便留个薇·，咱们的小管家+你，给你发行程线路+酒店环境+报价清单你先参考一","msgType":2,"userName":"用户598397428767"},{"contentType":1,"dateTimeStr":"14:43","msg":"手机18511348688","msgType":1,"userName":"用户598397428767"},{"contentType":1,"dateTimeStr":"14:43","msg":"好的，马上安排专属管家添加您一会儿您记得通过一下我哦","msgType":2,"userName":"用户598397428767"}]
2025-09-01 14:44:25.893 [http-nio-8080-exec-1] INFO  c.l.s.c.DySxChatGenerateController gen - ==================================#########################===========================================
2025-09-01 14:45:50.525 [http-nio-8080-exec-1] INFO  c.l.s.c.DySxChatGenerateController gen - 线路:sc2||用户名称:自由自在||用户头像:./avatar/avatar_2843.jpg||聊天内容:[{"contentType":1,"dateTimeStr":"14:44","msg":"大概几个人呢","msgType":2,"userName":"自由自在"},{"contentType":1,"dateTimeStr":"14:44","msg":"天气怎么样","msgType":1,"userName":"自由自在"},{"contentType":1,"dateTimeStr":"14:44","msg":"三个人","msgType":1,"userName":"自由自在"},{"contentType":1,"dateTimeStr":"14:44","msg":"近期很凉爽了哦 适合游玩","msgType":2,"userName":"自由自在"},{"contentType":1,"dateTimeStr":"14:44","msg":"您心号多少，稍后发详细的旅游攻略+景点+行程报价+优惠到你，上，让你更直观了解吃什么美食住什么酒店玩哪些景点","msgType":2,"userName":"自由自在"},{"contentType":1,"dateTimeStr":"14:44","msg":"纯玩的","msgType":1,"userName":"自由自在"},{"contentType":1,"dateTimeStr":"14:44","msg":"是的亲","msgType":2,"userName":"自由自在"},{"contentType":1,"dateTimeStr":"14:44","msg":"辛苦您留个联系方式，我加您给您发详细的行程文档，吃住行都一清二楚哦","msgType":2,"userName":"自由自在"},{"contentType":1,"dateTimeStr":"14:44","msg":"13853703716","msgType":1,"userName":"自由自在"},{"contentType":1,"dateTimeStr":"14:44","msg":"好的，马上安排专属管家添加您一会儿您记得通过一下我哦","msgType":2,"userName":"自由自在"}]
2025-09-01 14:45:50.528 [http-nio-8080-exec-1] INFO  c.l.s.c.DySxChatGenerateController gen - ==================================#########################===========================================
2025-09-01 15:01:03.126 [http-nio-8080-exec-9] INFO  c.l.s.c.DySxChatGenerateController gen - 线路:sc2||用户名称:金牌月嫂:筠如||用户头像:./avatar/avatar_10325.jpg||聊天内容:[{"contentType":1,"dateTimeStr":"15:00","msg":"您好，计划玩几天，几个朋友过来四川游玩園我根据你的需求帮您免费令做一个详细的规划。","msgType":2,"userName":"金牌月嫂:筠如"},{"contentType":1,"dateTimeStr":"15:00","msg":"加个微信聊可以吗?19073762324","msgType":1,"userName":"金牌月嫂:筠如"},{"contentType":1,"dateTimeStr":"15:00","msg":"您好，您计划什么时候出行呢，一行几位过来玩呢~","msgType":2,"userName":"金牌月嫂:筠如"},{"contentType":1,"dateTimeStr":"15:00","msg":"一家四口","msgType":1,"userName":"金牌月嫂:筠如"},{"contentType":1,"dateTimeStr":"15:00","msg":"好的，马上加您，记得通过一下~","msgType":2,"userName":"金牌月嫂:筠如"},{"contentType":1,"dateTimeStr":"15:00","msg":"好","msgType":1,"userName":"金牌月嫂:筠如"},{"contentType":1,"dateTimeStr":"15:00","msg":"好的，马上安排专属管家添加您一会儿您记得通过一下我哦","msgType":2,"userName":"金牌月嫂:筠如"}]
2025-09-01 15:01:03.127 [http-nio-8080-exec-9] INFO  c.l.s.c.DySxChatGenerateController gen - ==================================#########################===========================================
2025-09-01 15:02:25.218 [http-nio-8080-exec-9] INFO  c.l.s.c.DySxChatGenerateController gen - 线路:sc2||用户名称:冰瑩||用户头像:./avatar/avatar_6666.jpg||聊天内容:[{"contentType":1,"dateTimeStr":"15:01","msg":"1280一送一什么概念请详细讲","msgType":1,"userName":"冰瑩"},{"contentType":1,"dateTimeStr":"15:01","msg":"好的亲","msgType":2,"userName":"冰瑩"},{"contentType":1,"dateTimeStr":"15:01","msg":"是针对夫妻打造的活动，2个大人只收一人的","msgType":2,"userName":"冰瑩"},{"contentType":1,"dateTimeStr":"15:01","msg":"具体标准","msgType":1,"userName":"冰瑩"},{"contentType":1,"dateTimeStr":"15:01","msg":"亲，平台有限制，会封私信的，方便留个薇心，咱们的小管家+你，给你发行程线路+酒店环境+报价清单你先参考-","msgType":2,"userName":"冰瑩"},{"contentType":1,"dateTimeStr":"15:01","msg":"18714546399","msgType":1,"userName":"冰瑩"},{"contentType":1,"dateTimeStr":"15:01","msg":"好的，马上安排专属管家添加您一会儿您记得通过一下我哦","msgType":2,"userName":"冰瑩"}]
2025-09-01 15:02:25.219 [http-nio-8080-exec-9] INFO  c.l.s.c.DySxChatGenerateController gen - ==================================#########################===========================================
2025-09-01 15:03:33.829 [http-nio-8080-exec-4] INFO  c.l.s.c.DySxChatGenerateController gen - 线路:sc2||用户名称:李军||用户头像:./avatar/avatar_480.jpg||聊天内容:[{"contentType":1,"dateTimeStr":"15:02","msg":"您好，计划玩几天，几个朋友过来四川游玩 我根据你的需求帮您免费令做一个详细的规划。","msgType":2,"userName":"李军"},{"contentType":1,"dateTimeStr":"15:02","msg":"有没有之前做过的案例可以参考呢?","msgType":1,"userName":"李军"},{"contentType":1,"dateTimeStr":"15:02","msg":"您好，您计划什么时候出行呢，一行几位过来玩呢~","msgType":2,"userName":"李军"},{"contentType":1,"dateTimeStr":"15:02","msg":"9月中旬二个人","msgType":1,"userName":"李军"},{"contentType":1,"dateTimeStr":"15:02","msg":"您心号多少，稍后发详细的旅游攻略+景点+行程报价+优惠到你上，让你更直观了解吃什么美食住什么酒店玩哪些景点","msgType":2,"userName":"李军"},{"contentType":1,"dateTimeStr":"15:02","msg":"13337171188","msgType":1,"userName":"李军"},{"contentType":1,"dateTimeStr":"15:02","msg":"好的，马上安排专属管家添加您一会儿您记得通过一下我哦","msgType":2,"userName":"李军"}]
2025-09-01 15:03:33.849 [http-nio-8080-exec-4] INFO  c.l.s.c.DySxChatGenerateController gen - ==================================#########################===========================================
2025-09-01 17:54:43.141 [http-nio-8080-exec-2] INFO  c.l.s.c.DySxChatGenerateController gen - 线路:sc2||用户名称:用户71457368420||用户头像:./avatar/avatar_10390.jpg||聊天内容:[{"contentType":1,"dateTimeStr":"17:53","msg":"好，计划玩几天，几个朋友过来四川游玩我根据你的需求帮您免费令做一个详细的规划。","msgType":2,"userName":"用户71457368420"},{"contentType":1,"dateTimeStr":"17:53","msg":"四川全玩需要几天4人多少钱","msgType":1,"userName":"用户71457368420"},{"contentType":1,"dateTimeStr":"17:53","msg":"您v号多少，稍后发详细的旅游攻略+景点+行程报价+优惠到你上，让你更直观了解吃什么美食住什么酒店玩哪些景点","msgType":2,"userName":"用户71457368420"},{"contentType":1,"dateTimeStr":"17:53","msg":"13932033653","msgType":1,"userName":"用户71457368420"},{"contentType":1,"dateTimeStr":"17:53","msg":"好的，马上安排专属管家添加您一会儿您记得通过一下我哦","msgType":2,"userName":"用户71457368420"}]
2025-09-01 17:54:43.156 [http-nio-8080-exec-2] INFO  c.l.s.c.DySxChatGenerateController gen - ==================================#########################===========================================
2025-09-01 20:15:35.874 [http-nio-8080-exec-8] INFO  c.l.s.c.DySxChatGenerateController gen - 线路:sc2||用户名称:猴媳米菇||用户头像:./avatar/avatar_3845.jpg||聊天内容:[{"contentType":1,"dateTimeStr":"20:14","msg":"您好，计划玩几天，几个朋友过来四川游玩園我根据你的需求帮您免费令做一个详细的规划。","msgType":2,"userName":"猴媳米菇"},{"contentType":1,"dateTimeStr":"20:14","msg":"1个人","msgType":1,"userName":"猴媳米菇"},{"contentType":1,"dateTimeStr":"20:14","msg":"笳4-5天","msgType":1,"userName":"猴媳米菇"},{"contentType":1,"dateTimeStr":"20:14","msg":"好的","msgType":2,"userName":"猴媳米菇"},{"contentType":1,"dateTimeStr":"20:14","msg":"亲，平台有限制，会封私信的，方便留个薇·，咱们的小管家+你，给你发行程线路+酒店环境+报价清单你先参考一","msgType":2,"userName":"猴媳米菇"},{"contentType":1,"dateTimeStr":"20:14","msg":"微信hxmg1319","msgType":1,"userName":"猴媳米菇"},{"contentType":1,"dateTimeStr":"20:14","msg":"好的，马上安排专属管家添加您一会儿您记得通过一下我哦","msgType":2,"userName":"猴媳米菇"}]
2025-09-01 20:15:35.877 [http-nio-8080-exec-8] INFO  c.l.s.c.DySxChatGenerateController gen - ==================================#########################===========================================
